Feb 18, 2019 6:24:28 PM com.pluspro.ctrlwcs.CtrlWcs_MPS3 main
정보: Start CtrlWcs_MPS3 ++++++++++++++++++++++++++++++++++++++++++++++++++++++++++++++
Feb 18, 2019 6:24:28 PM com.pluspro.ctrlwcs.CtrlWcs_MPS3 main
정보: Conf File : conf.properties
Feb 18, 2019 6:24:28 PM com.pluspro.ctrlwcs.CtrlWcs_MPS3 main
정보: -----------------------------------------------------------
CTRLWCS Database
-----------------------------------------------------------
ctrlwcs.ip : 127.0.0.1
ctrlwcs.port : 1521
ctrlwcs.sid : orcl
-----------------------------------------------------------
WCS Database
-----------------------------------------------------------
mps3.ip : 128.10.1.144
mps3.port : 1531
mps3.sid : MPS3

Feb 18, 2019 6:24:29 PM com.pluspro.ctrlwcs.CtrlWcs_MPS3 main
심각: Error
java.sql.SQLRecoverableException: IO 오류: The Network Adapter could not establish the connection
	at oracle.jdbc.driver.T4CConnection.logon(T4CConnection.java:774)
	at oracle.jdbc.driver.PhysicalConnection.connect(PhysicalConnection.java:688)
	at oracle.jdbc.driver.T4CDriverExtension.getConnection(T4CDriverExtension.java:39)
	at oracle.jdbc.driver.OracleDriver.connect(OracleDriver.java:691)
	at java.sql.DriverManager.getConnection(DriverManager.java:664)
	at java.sql.DriverManager.getConnection(DriverManager.java:247)
	at com.pluspro.ctrlwcs.connecter.OracleConnecter.open(OracleConnecter.java:29)
	at com.pluspro.ctrlwcs.connecter.ConnectionHelper.getOracleConnection(ConnectionHelper.java:9)
	at com.pluspro.ctrlwcs.CtrlWcs_MPS3.main(CtrlWcs_MPS3.java:57)
Caused by: oracle.net.ns.NetException: The Network Adapter could not establish the connection
	at oracle.net.nt.ConnStrategy.execute(ConnStrategy.java:523)
	at oracle.net.resolver.AddrResolution.resolveAndExecute(AddrResolution.java:521)
	at oracle.net.ns.NSProtocol.establishConnection(NSProtocol.java:660)
	at oracle.net.ns.NSProtocol.connect(NSProtocol.java:286)
	at oracle.jdbc.driver.T4CConnection.connect(T4CConnection.java:1438)
	at oracle.jdbc.driver.T4CConnection.logon(T4CConnection.java:518)
	... 8 more
Caused by: java.io.IOException: Connection refused, socket connect lapse 1 ms. /127.0.0.1 1521 0 1 true
	at oracle.net.nt.TcpNTAdapter.connect(TcpNTAdapter.java:209)
	at oracle.net.nt.ConnOption.connect(ConnOption.java:161)
	at oracle.net.nt.ConnStrategy.execute(ConnStrategy.java:470)
	... 13 more
Caused by: java.net.ConnectException: Connection refused
	at sun.nio.ch.Net.connect0(Native Method)
	at sun.nio.ch.Net.connect(Net.java:454)
	at sun.nio.ch.Net.connect(Net.java:446)
	at sun.nio.ch.SocketChannelImpl.connect(SocketChannelImpl.java:648)
	at java.nio.channels.SocketChannel.open(SocketChannel.java:189)
	at oracle.net.nt.TimeoutSocketChannel.<init>(TimeoutSocketChannel.java:81)
	at oracle.net.nt.TcpNTAdapter.connect(TcpNTAdapter.java:169)
	... 15 more

Feb 18, 2019 6:24:29 PM com.pluspro.ctrlwcs.CtrlWcs_MPS3 main
정보: End CtrlWcs_MPS3 ++++++++++++++++++++++++++++++++++++++++++++++++++++++++++++++
Feb 18, 2019 6:24:59 PM com.pluspro.ctrlwcs.CtrlWcs_MPS3 main
정보: Start CtrlWcs_MPS3 ++++++++++++++++++++++++++++++++++++++++++++++++++++++++++++++
Feb 18, 2019 6:24:59 PM com.pluspro.ctrlwcs.CtrlWcs_MPS3 main
정보: Conf File : conf.properties
Feb 18, 2019 6:25:07 PM com.pluspro.ctrlwcs.CtrlWcs_MPS3 main
정보: -----------------------------------------------------------
CTRLWCS Database
-----------------------------------------------------------
ctrlwcs.ip : 127.0.0.1
ctrlwcs.port : 1521
ctrlwcs.sid : orcl
-----------------------------------------------------------
WCS Database
-----------------------------------------------------------
mps3.ip : 128.10.1.144
mps3.port : 1531
mps3.sid : MPS3

Feb 18, 2019 6:25:29 PM com.pluspro.ctrlwcs.CtrlWcs_MPS3 main
심각: Error
java.sql.SQLRecoverableException: IO 오류: The Network Adapter could not establish the connection
	at oracle.jdbc.driver.T4CConnection.logon(T4CConnection.java:774)
	at oracle.jdbc.driver.PhysicalConnection.connect(PhysicalConnection.java:688)
	at oracle.jdbc.driver.T4CDriverExtension.getConnection(T4CDriverExtension.java:39)
	at oracle.jdbc.driver.OracleDriver.connect(OracleDriver.java:691)
	at java.sql.DriverManager.getConnection(DriverManager.java:664)
	at java.sql.DriverManager.getConnection(DriverManager.java:247)
	at com.pluspro.ctrlwcs.connecter.OracleConnecter.open(OracleConnecter.java:29)
	at com.pluspro.ctrlwcs.connecter.ConnectionHelper.getOracleConnection(ConnectionHelper.java:9)
	at com.pluspro.ctrlwcs.CtrlWcs_MPS3.main(CtrlWcs_MPS3.java:57)
Caused by: oracle.net.ns.NetException: The Network Adapter could not establish the connection
	at oracle.net.nt.ConnStrategy.execute(ConnStrategy.java:523)
	at oracle.net.resolver.AddrResolution.resolveAndExecute(AddrResolution.java:521)
	at oracle.net.ns.NSProtocol.establishConnection(NSProtocol.java:660)
	at oracle.net.ns.NSProtocol.connect(NSProtocol.java:286)
	at oracle.jdbc.driver.T4CConnection.connect(T4CConnection.java:1438)
	at oracle.jdbc.driver.T4CConnection.logon(T4CConnection.java:518)
	... 8 more
Caused by: java.io.IOException: Connection refused, socket connect lapse 1 ms. /127.0.0.1 1521 0 1 true
	at oracle.net.nt.TcpNTAdapter.connect(TcpNTAdapter.java:209)
	at oracle.net.nt.ConnOption.connect(ConnOption.java:161)
	at oracle.net.nt.ConnStrategy.execute(ConnStrategy.java:470)
	... 13 more
Caused by: java.net.ConnectException: Connection refused
	at sun.nio.ch.Net.connect0(Native Method)
	at sun.nio.ch.Net.connect(Net.java:454)
	at sun.nio.ch.Net.connect(Net.java:446)
	at sun.nio.ch.SocketChannelImpl.connect(SocketChannelImpl.java:648)
	at java.nio.channels.SocketChannel.open(SocketChannel.java:189)
	at oracle.net.nt.TimeoutSocketChannel.<init>(TimeoutSocketChannel.java:81)
	at oracle.net.nt.TcpNTAdapter.connect(TcpNTAdapter.java:169)
	... 15 more

Feb 18, 2019 6:25:29 PM com.pluspro.ctrlwcs.CtrlWcs_MPS3 main
정보: End CtrlWcs_MPS3 ++++++++++++++++++++++++++++++++++++++++++++++++++++++++++++++
Feb 18, 2019 6:26:04 PM com.pluspro.ctrlwcs.CtrlWcs_MPS3 main
정보: Start CtrlWcs_MPS3 ++++++++++++++++++++++++++++++++++++++++++++++++++++++++++++++
Feb 18, 2019 6:26:04 PM com.pluspro.ctrlwcs.CtrlWcs_MPS3 main
정보: Conf File : conf.properties
Feb 18, 2019 6:26:04 PM com.pluspro.ctrlwcs.CtrlWcs_MPS3 main
정보: -----------------------------------------------------------
CTRLWCS Database
-----------------------------------------------------------
ctrlwcs.ip : 127.0.0.1
ctrlwcs.port : 1521
ctrlwcs.sid : orcl
-----------------------------------------------------------
WCS Database
-----------------------------------------------------------
mps3.ip : 128.10.1.144
mps3.port : 1531
mps3.sid : MPS3

Feb 18, 2019 6:26:45 PM com.pluspro.ctrlwcs.CtrlWcs_MPS3 main
심각: Error
java.sql.SQLException: 로케일을 인식할 수 없습니다.
	at oracle.jdbc.driver.T4CTTIoauthenticate.setSessionFields(T4CTTIoauthenticate.java:1493)
	at oracle.jdbc.driver.T4CTTIoauthenticate.<init>(T4CTTIoauthenticate.java:291)
	at oracle.jdbc.driver.T4CConnection.logon(T4CConnection.java:599)
	at oracle.jdbc.driver.PhysicalConnection.connect(PhysicalConnection.java:688)
	at oracle.jdbc.driver.T4CDriverExtension.getConnection(T4CDriverExtension.java:39)
	at oracle.jdbc.driver.OracleDriver.connect(OracleDriver.java:691)
	at java.sql.DriverManager.getConnection(DriverManager.java:664)
	at java.sql.DriverManager.getConnection(DriverManager.java:247)
	at com.pluspro.ctrlwcs.connecter.OracleConnecter.open(OracleConnecter.java:29)
	at com.pluspro.ctrlwcs.connecter.ConnectionHelper.getOracleConnection(ConnectionHelper.java:9)
	at com.pluspro.ctrlwcs.CtrlWcs_MPS3.main(CtrlWcs_MPS3.java:58)

Feb 18, 2019 6:26:45 PM com.pluspro.ctrlwcs.CtrlWcs_MPS3 main
정보: End CtrlWcs_MPS3 ++++++++++++++++++++++++++++++++++++++++++++++++++++++++++++++
Feb 18, 2019 6:27:29 PM com.pluspro.ctrlwcs.CtrlWcs_MPS3 main
정보: Start CtrlWcs_MPS3 ++++++++++++++++++++++++++++++++++++++++++++++++++++++++++++++
Feb 18, 2019 6:27:29 PM com.pluspro.ctrlwcs.CtrlWcs_MPS3 main
정보: Conf File : conf.properties
Feb 18, 2019 6:27:29 PM com.pluspro.ctrlwcs.CtrlWcs_MPS3 main
정보: -----------------------------------------------------------
CTRLWCS Database
-----------------------------------------------------------
ctrlwcs.ip : 127.0.0.1
ctrlwcs.port : 1521
ctrlwcs.sid : orcl
-----------------------------------------------------------
WCS Database
-----------------------------------------------------------
mps3.ip : 128.10.1.144
mps3.port : 1531
mps3.sid : MPS3

Feb 18, 2019 6:27:47 PM com.pluspro.ctrlwcs.CtrlWcs_MPS3 main
심각: Error
java.sql.SQLException: 로케일을 인식할 수 없습니다.
	at oracle.jdbc.driver.T4CTTIoauthenticate.setSessionFields(T4CTTIoauthenticate.java:1493)
	at oracle.jdbc.driver.T4CTTIoauthenticate.<init>(T4CTTIoauthenticate.java:291)
	at oracle.jdbc.driver.T4CConnection.logon(T4CConnection.java:599)
	at oracle.jdbc.driver.PhysicalConnection.connect(PhysicalConnection.java:688)
	at oracle.jdbc.driver.T4CDriverExtension.getConnection(T4CDriverExtension.java:39)
	at oracle.jdbc.driver.OracleDriver.connect(OracleDriver.java:691)
	at java.sql.DriverManager.getConnection(DriverManager.java:664)
	at java.sql.DriverManager.getConnection(DriverManager.java:247)
	at com.pluspro.ctrlwcs.connecter.OracleConnecter.open(OracleConnecter.java:29)
	at com.pluspro.ctrlwcs.connecter.ConnectionHelper.getOracleConnection(ConnectionHelper.java:9)
	at com.pluspro.ctrlwcs.CtrlWcs_MPS3.main(CtrlWcs_MPS3.java:58)

Feb 18, 2019 6:27:47 PM com.pluspro.ctrlwcs.CtrlWcs_MPS3 main
정보: End CtrlWcs_MPS3 ++++++++++++++++++++++++++++++++++++++++++++++++++++++++++++++
Feb 18, 2019 6:28:33 PM com.pluspro.ctrlwcs.CtrlWcs_MPS3 main
정보: Start CtrlWcs_MPS3 ++++++++++++++++++++++++++++++++++++++++++++++++++++++++++++++
Feb 18, 2019 6:28:33 PM com.pluspro.ctrlwcs.CtrlWcs_MPS3 main
정보: Conf File : conf.properties
Feb 18, 2019 6:28:33 PM com.pluspro.ctrlwcs.CtrlWcs_MPS3 main
정보: -----------------------------------------------------------
CTRLWCS Database
-----------------------------------------------------------
ctrlwcs.ip : 127.0.0.1
ctrlwcs.port : 1521
ctrlwcs.sid : orcl
-----------------------------------------------------------
WCS Database
-----------------------------------------------------------
mps3.ip : 128.10.1.144
mps3.port : 1531
mps3.sid : MPS3

Feb 18, 2019 6:28:37 PM com.pluspro.ctrlwcs.CtrlWcs_MPS3 main
심각: Error
java.sql.SQLException: 로케일을 인식할 수 없습니다.
	at oracle.jdbc.driver.T4CTTIoauthenticate.setSessionFields(T4CTTIoauthenticate.java:1493)
	at oracle.jdbc.driver.T4CTTIoauthenticate.<init>(T4CTTIoauthenticate.java:291)
	at oracle.jdbc.driver.T4CConnection.logon(T4CConnection.java:599)
	at oracle.jdbc.driver.PhysicalConnection.connect(PhysicalConnection.java:688)
	at oracle.jdbc.driver.T4CDriverExtension.getConnection(T4CDriverExtension.java:39)
	at oracle.jdbc.driver.OracleDriver.connect(OracleDriver.java:691)
	at java.sql.DriverManager.getConnection(DriverManager.java:664)
	at java.sql.DriverManager.getConnection(DriverManager.java:247)
	at com.pluspro.ctrlwcs.connecter.OracleConnecter.open(OracleConnecter.java:29)
	at com.pluspro.ctrlwcs.connecter.ConnectionHelper.getOracleConnection(ConnectionHelper.java:9)
	at com.pluspro.ctrlwcs.CtrlWcs_MPS3.main(CtrlWcs_MPS3.java:58)

Feb 18, 2019 6:28:37 PM com.pluspro.ctrlwcs.CtrlWcs_MPS3 main
정보: End CtrlWcs_MPS3 ++++++++++++++++++++++++++++++++++++++++++++++++++++++++++++++
Feb 18, 2019 6:30:25 PM com.pluspro.ctrlwcs.CtrlWcs_MPS3 main
정보: Start CtrlWcs_MPS3 ++++++++++++++++++++++++++++++++++++++++++++++++++++++++++++++
Feb 18, 2019 6:30:25 PM com.pluspro.ctrlwcs.CtrlWcs_MPS3 main
정보: Conf File : conf.properties
Feb 18, 2019 6:30:25 PM com.pluspro.ctrlwcs.CtrlWcs_MPS3 main
정보: -----------------------------------------------------------
CTRLWCS Database
-----------------------------------------------------------
ctrlwcs.ip : 127.0.0.1
ctrlwcs.port : 1521
ctrlwcs.sid : orcl
-----------------------------------------------------------
WCS Database
-----------------------------------------------------------
mps3.ip : 128.10.1.144
mps3.port : 1531
mps3.sid : MPS3

Feb 18, 2019 6:30:36 PM com.pluspro.ctrlwcs.CtrlWcs_MPS3 main
심각: Error
java.sql.SQLException: 로케일을 인식할 수 없습니다.
	at oracle.jdbc.driver.T4CTTIoauthenticate.setSessionFields(T4CTTIoauthenticate.java:1493)
	at oracle.jdbc.driver.T4CTTIoauthenticate.<init>(T4CTTIoauthenticate.java:291)
	at oracle.jdbc.driver.T4CConnection.logon(T4CConnection.java:599)
	at oracle.jdbc.driver.PhysicalConnection.connect(PhysicalConnection.java:688)
	at oracle.jdbc.driver.T4CDriverExtension.getConnection(T4CDriverExtension.java:39)
	at oracle.jdbc.driver.OracleDriver.connect(OracleDriver.java:691)
	at java.sql.DriverManager.getConnection(DriverManager.java:664)
	at java.sql.DriverManager.getConnection(DriverManager.java:247)
	at com.pluspro.ctrlwcs.connecter.OracleConnecter.open(OracleConnecter.java:29)
	at com.pluspro.ctrlwcs.connecter.ConnectionHelper.getOracleConnection(ConnectionHelper.java:9)
	at com.pluspro.ctrlwcs.CtrlWcs_MPS3.main(CtrlWcs_MPS3.java:58)

Feb 18, 2019 6:30:36 PM com.pluspro.ctrlwcs.CtrlWcs_MPS3 main
정보: End CtrlWcs_MPS3 ++++++++++++++++++++++++++++++++++++++++++++++++++++++++++++++
2월 18, 2019 6:31:29 오후 com.pluspro.ctrlwcs.CtrlWcs_MPS3 main
정보: Start CtrlWcs_MPS3 ++++++++++++++++++++++++++++++++++++++++++++++++++++++++++++++
2월 18, 2019 6:31:29 오후 com.pluspro.ctrlwcs.CtrlWcs_MPS3 main
정보: Conf File : conf.properties
2월 18, 2019 6:31:29 오후 com.pluspro.ctrlwcs.CtrlWcs_MPS3 main
정보: -----------------------------------------------------------
CTRLWCS Database
-----------------------------------------------------------
ctrlwcs.ip : 127.0.0.1
ctrlwcs.port : 1521
ctrlwcs.sid : orcl
-----------------------------------------------------------
WCS Database
-----------------------------------------------------------
mps3.ip : 128.10.1.144
mps3.port : 1531
mps3.sid : MPS3

2월 18, 2019 6:31:42 오후 com.pluspro.ctrlwcs.CtrlWcs_MPS3 main
정보: -----------------------------------------------------------
DB Connection Instances
-----------------------------------------------------------
ctrlWcsCon : null
mps3Con : oracle.jdbc.driver.T4CConnection@3e58a80e

2월 18, 2019 6:32:03 오후 com.pluspro.ctrlwcs.extractor.MPS3Result extract
정보: Start to extract MPS3
2월 18, 2019 6:34:38 오후 com.pluspro.ctrlwcs.CtrlWcs_MPS3 main
정보: Start CtrlWcs_MPS3 ++++++++++++++++++++++++++++++++++++++++++++++++++++++++++++++
2월 18, 2019 6:34:38 오후 com.pluspro.ctrlwcs.CtrlWcs_MPS3 main
정보: Conf File : conf.properties
2월 18, 2019 6:34:38 오후 com.pluspro.ctrlwcs.CtrlWcs_MPS3 main
정보: -----------------------------------------------------------
CTRLWCS Database
-----------------------------------------------------------
ctrlwcs.ip : 10.68.2.76
ctrlwcs.port : 1555
ctrlwcs.sid : PCTRLWCS
-----------------------------------------------------------
WCS Database
-----------------------------------------------------------
mps3.ip : 128.10.1.144
mps3.port : 1531
mps3.sid : MPS3

2월 18, 2019 6:34:44 오후 com.pluspro.ctrlwcs.CtrlWcs_MPS3 main
정보: -----------------------------------------------------------
DB Connection Instances
-----------------------------------------------------------
ctrlWcsCon : null
mps3Con : oracle.jdbc.driver.T4CConnection@5876a9af

2월 18, 2019 6:34:44 오후 com.pluspro.ctrlwcs.extractor.MPS3Result extract
정보: Start to extract MPS3
2월 18, 2019 6:37:42 오후 com.pluspro.ctrlwcs.extractor.MPS3Result insertTrg
심각: null
java.lang.NullPointerException
	at com.pluspro.ctrlwcs.extractor.MPS3Result.insertTrg(MPS3Result.java:132)
	at com.pluspro.ctrlwcs.extractor.MPS3Result.extract(MPS3Result.java:33)
	at com.pluspro.ctrlwcs.CtrlWcs_MPS3.main(CtrlWcs_MPS3.java:69)

2월 18, 2019 6:38:17 오후 com.pluspro.ctrlwcs.extractor.MPS3Result extract
정보: End to extract MPS3
2월 18, 2019 6:38:17 오후 com.pluspro.ctrlwcs.CtrlWcs_MPS3 main
정보: End CtrlWcs_MPS3 ++++++++++++++++++++++++++++++++++++++++++++++++++++++++++++++
2월 18, 2019 6:38:20 오후 com.pluspro.ctrlwcs.CtrlWcs_MPS3 main
정보: Start CtrlWcs_MPS3 ++++++++++++++++++++++++++++++++++++++++++++++++++++++++++++++
2월 18, 2019 6:38:20 오후 com.pluspro.ctrlwcs.CtrlWcs_MPS3 main
정보: Conf File : conf.properties
2월 18, 2019 6:38:20 오후 com.pluspro.ctrlwcs.CtrlWcs_MPS3 main
정보: -----------------------------------------------------------
CTRLWCS Database
-----------------------------------------------------------
ctrlwcs.ip : 10.68.2.76
ctrlwcs.port : 1555
ctrlwcs.sid : PCTRLWCS
-----------------------------------------------------------
WCS Database
-----------------------------------------------------------
mps3.ip : 128.10.1.144
mps3.port : 1531
mps3.sid : MPS3

2월 18, 2019 6:38:29 오후 com.pluspro.ctrlwcs.CtrlWcs_MPS3 main
정보: -----------------------------------------------------------
DB Connection Instances
-----------------------------------------------------------
ctrlWcsCon : null
mps3Con : oracle.jdbc.driver.T4CConnection@3e58a80e

2월 18, 2019 6:38:29 오후 com.pluspro.ctrlwcs.extractor.MPS3Result extract
정보: Start to extract MPS3
2월 18, 2019 6:38:32 오후 com.pluspro.ctrlwcs.extractor.MPS3Result insertTrg
심각: null
java.lang.NullPointerException
	at com.pluspro.ctrlwcs.extractor.MPS3Result.insertTrg(MPS3Result.java:132)
	at com.pluspro.ctrlwcs.extractor.MPS3Result.extract(MPS3Result.java:33)
	at com.pluspro.ctrlwcs.CtrlWcs_MPS3.main(CtrlWcs_MPS3.java:69)

2월 18, 2019 6:38:38 오후 com.pluspro.ctrlwcs.extractor.MPS3Result extract
정보: End to extract MPS3
2월 18, 2019 6:38:38 오후 com.pluspro.ctrlwcs.CtrlWcs_MPS3 main
정보: End CtrlWcs_MPS3 ++++++++++++++++++++++++++++++++++++++++++++++++++++++++++++++
2월 18, 2019 6:38:42 오후 com.pluspro.ctrlwcs.CtrlWcs_MPS3 main
정보: Start CtrlWcs_MPS3 ++++++++++++++++++++++++++++++++++++++++++++++++++++++++++++++
2월 18, 2019 6:38:42 오후 com.pluspro.ctrlwcs.CtrlWcs_MPS3 main
정보: Conf File : conf.properties
2월 18, 2019 6:38:42 오후 com.pluspro.ctrlwcs.CtrlWcs_MPS3 main
정보: -----------------------------------------------------------
CTRLWCS Database
-----------------------------------------------------------
ctrlwcs.ip : 10.68.2.76
ctrlwcs.port : 1555
ctrlwcs.sid : PCTRLWCS
-----------------------------------------------------------
WCS Database
-----------------------------------------------------------
mps3.ip : 128.10.1.144
mps3.port : 1531
mps3.sid : MPS3

2월 18, 2019 6:39:00 오후 com.pluspro.ctrlwcs.CtrlWcs_MPS3 main
정보: Start CtrlWcs_MPS3 ++++++++++++++++++++++++++++++++++++++++++++++++++++++++++++++
2월 18, 2019 6:39:00 오후 com.pluspro.ctrlwcs.CtrlWcs_MPS3 main
정보: Conf File : conf.properties
2월 18, 2019 6:39:00 오후 com.pluspro.ctrlwcs.CtrlWcs_MPS3 main
정보: -----------------------------------------------------------
CTRLWCS Database
-----------------------------------------------------------
ctrlwcs.ip : 10.68.2.76
ctrlwcs.port : 1555
ctrlwcs.sid : PCTRLWCS
-----------------------------------------------------------
WCS Database
-----------------------------------------------------------
mps3.ip : 128.10.1.144
mps3.port : 1531
mps3.sid : MPS3

2월 18, 2019 6:39:01 오후 com.pluspro.ctrlwcs.CtrlWcs_MPS3 main
정보: -----------------------------------------------------------
DB Connection Instances
-----------------------------------------------------------
ctrlWcsCon : oracle.jdbc.driver.T4CConnection@5876a9af
mps3Con : oracle.jdbc.driver.T4CConnection@611889f4

2월 18, 2019 6:39:01 오후 com.pluspro.ctrlwcs.extractor.MPS3Result extract
정보: Start to extract MPS3
2월 18, 2019 6:39:10 오후 com.pluspro.ctrlwcs.extractor.MPS3Result insertTrg
심각: ORA-00923: FROM 키워드가 필요한 위치에 없습니다.

java.sql.SQLSyntaxErrorException: ORA-00923: FROM 키워드가 필요한 위치에 없습니다.

	at oracle.jdbc.driver.T4CTTIoer11.processError(T4CTTIoer11.java:494)
	at oracle.jdbc.driver.T4CTTIoer11.processError(T4CTTIoer11.java:446)
	at oracle.jdbc.driver.T4C8Oall.processError(T4C8Oall.java:1054)
	at oracle.jdbc.driver.T4CTTIfun.receive(T4CTTIfun.java:623)
	at oracle.jdbc.driver.T4CTTIfun.doRPC(T4CTTIfun.java:252)
	at oracle.jdbc.driver.T4C8Oall.doOALL(T4C8Oall.java:612)
	at oracle.jdbc.driver.T4CStatement.doOall8(T4CStatement.java:213)
	at oracle.jdbc.driver.T4CStatement.doOall8(T4CStatement.java:37)
	at oracle.jdbc.driver.T4CStatement.executeForRows(T4CStatement.java:896)
	at oracle.jdbc.driver.OracleStatement.doExecuteWithTimeout(OracleStatement.java:1119)
	at oracle.jdbc.driver.OracleStatement.executeInternal(OracleStatement.java:1737)
	at oracle.jdbc.driver.OracleStatement.execute(OracleStatement.java:1692)
	at oracle.jdbc.driver.OracleStatementWrapper.execute(OracleStatementWrapper.java:300)
	at com.pluspro.ctrlwcs.extractor.MPS3Result.insertTrg(MPS3Result.java:165)
	at com.pluspro.ctrlwcs.extractor.MPS3Result.extract(MPS3Result.java:33)
	at com.pluspro.ctrlwcs.CtrlWcs_MPS3.main(CtrlWcs_MPS3.java:69)
Caused by: Error : 923, Position : 463, Sql = MERGE INTO TB_EQP_RSLT	
USING(					
    SELECT '20190218' BDATE, 'DT'CENTER_CD, 'DM03-01' EQUIP_ID,		
           '동탄' CENTER_NM, '동탄코레일저온센터1호기' EQUIP_NM, '1310_1' ORD,		
           'KF' COM_CD, 95 CUST_CNT,											
           0 PLAN_BOX, 259 BOX,													
           5603 PLAN_PCS, 5562 PCS,													
           335 PLAN_SKU, 325 SKU,													
           335 CUST, 0 CUST,													
           335 START_TM, 2019-02-18 11:06:54.0 START_TM,											
           335 END_TM, 2019-02-18 17:43:09.595 END_TM												
      FROM DUAL																										
) ORG 																													
ON (TB_EQP_RSLT.BDATE = ORG.BDATE AND TB_EQP_RSLT.CENTER_CD = ORG.CENTER_CD AND 										
    TB_EQP_RSLT.EQUIP_ID = ORG.EQUIP_ID AND TB_EQP_RSLT.ORD = ORG.ORD AND TB_EQP_RSLT.COM_CD = ORG.COM_CD) 			
WHEN MATCHED THEN 																										
  UPDATE SET CUST_CNT = ORG.CUST_CNT,																					
             PLAN_BOX = ORG.PLAN_BOX,																					
             BOX = ORG.BOX,																							
             PLAN_SKU = ORG.PLAN_SKU,																					
             SKU = ORG.SKU,																							
             PLAN_PCS = ORG.PLAN_PCS,																					
             PCS = ORG.PCS,																							
             UPD_DT = SYSDATE																							
WHEN NOT MATCHED THEN 																									
  INSERT(BDATE, CENTER_CD, EQUIP_ID, CENTER_NM, EQUIP_NM, ORD, COM_CD, CUST_CNT, 										
         PLAN_BOX, BOX, PLAN_PCS, PCS, PLAN_SKU, SKU, CUST, START_TM, END_TM, REG_DT, UPD_DT) 							
  VALUES(ORG.BDATE, ORG.CENTER_CD, ORG.EQUIP_ID, ORG.CENTER_NM, ORG.EQUIP_NM, ORG.ORD, ORG.COM_CD, ORG.CUST_CNT, 		
         ORG.PLAN_BOX, ORG.BOX, ORG.PLAN_PCS, ORG.PCS, ORG.PLAN_SKU, ORG.SKU, ORG.CUST, ORG.START_TM, ORG.END_TM, SYSDATE, SYSDATE), OriginalSql = MERGE INTO TB_EQP_RSLT	
USING(					
    SELECT '20190218' BDATE, 'DT'CENTER_CD, 'DM03-01' EQUIP_ID,		
           '동탄' CENTER_NM, '동탄코레일저온센터1호기' EQUIP_NM, '1310_1' ORD,		
           'KF' COM_CD, 95 CUST_CNT,											
           0 PLAN_BOX, 259 BOX,													
           5603 PLAN_PCS, 5562 PCS,													
           335 PLAN_SKU, 325 SKU,													
           335 CUST, 0 CUST,													
           335 START_TM, 2019-02-18 11:06:54.0 START_TM,											
           335 END_TM, 2019-02-18 17:43:09.595 END_TM												
      FROM DUAL																										
) ORG 																													
ON (TB_EQP_RSLT.BDATE = ORG.BDATE AND TB_EQP_RSLT.CENTER_CD = ORG.CENTER_CD AND 										
    TB_EQP_RSLT.EQUIP_ID = ORG.EQUIP_ID AND TB_EQP_RSLT.ORD = ORG.ORD AND TB_EQP_RSLT.COM_CD = ORG.COM_CD) 			
WHEN MATCHED THEN 																										
  UPDATE SET CUST_CNT = ORG.CUST_CNT,																					
             PLAN_BOX = ORG.PLAN_BOX,																					
             BOX = ORG.BOX,																							
             PLAN_SKU = ORG.PLAN_SKU,																					
             SKU = ORG.SKU,																							
             PLAN_PCS = ORG.PLAN_PCS,																					
             PCS = ORG.PCS,																							
             UPD_DT = SYSDATE																							
WHEN NOT MATCHED THEN 																									
  INSERT(BDATE, CENTER_CD, EQUIP_ID, CENTER_NM, EQUIP_NM, ORD, COM_CD, CUST_CNT, 										
         PLAN_BOX, BOX, PLAN_PCS, PCS, PLAN_SKU, SKU, CUST, START_TM, END_TM, REG_DT, UPD_DT) 							
  VALUES(ORG.BDATE, ORG.CENTER_CD, ORG.EQUIP_ID, ORG.CENTER_NM, ORG.EQUIP_NM, ORG.ORD, ORG.COM_CD, ORG.CUST_CNT, 		
         ORG.PLAN_BOX, ORG.BOX, ORG.PLAN_PCS, ORG.PCS, ORG.PLAN_SKU, ORG.SKU, ORG.CUST, ORG.START_TM, ORG.END_TM, SYSDATE, SYSDATE), Error Msg = ORA-00923: FROM 키워드가 필요한 위치에 없습니다.

	at oracle.jdbc.driver.T4CTTIoer11.processError(T4CTTIoer11.java:498)
	... 15 more

2월 18, 2019 6:39:20 오후 com.pluspro.ctrlwcs.extractor.MPS3Result extract
정보: End to extract MPS3
2월 18, 2019 6:39:20 오후 com.pluspro.ctrlwcs.CtrlWcs_MPS3 main
정보: End CtrlWcs_MPS3 ++++++++++++++++++++++++++++++++++++++++++++++++++++++++++++++
2월 18, 2019 6:39:28 오후 com.pluspro.ctrlwcs.CtrlWcs_MPS3 main
정보: Start CtrlWcs_MPS3 ++++++++++++++++++++++++++++++++++++++++++++++++++++++++++++++
2월 18, 2019 6:39:28 오후 com.pluspro.ctrlwcs.CtrlWcs_MPS3 main
정보: Conf File : conf.properties
2월 18, 2019 6:39:28 오후 com.pluspro.ctrlwcs.CtrlWcs_MPS3 main
정보: -----------------------------------------------------------
CTRLWCS Database
-----------------------------------------------------------
ctrlwcs.ip : 10.68.2.76
ctrlwcs.port : 1555
ctrlwcs.sid : PCTRLWCS
-----------------------------------------------------------
WCS Database
-----------------------------------------------------------
mps3.ip : 128.10.1.144
mps3.port : 1531
mps3.sid : MPS3

2월 18, 2019 6:39:29 오후 com.pluspro.ctrlwcs.CtrlWcs_MPS3 main
정보: -----------------------------------------------------------
DB Connection Instances
-----------------------------------------------------------
ctrlWcsCon : oracle.jdbc.driver.T4CConnection@4fb61f4a
mps3Con : oracle.jdbc.driver.T4CConnection@56cdfb3b

2월 18, 2019 6:39:29 오후 com.pluspro.ctrlwcs.extractor.MPS3Result extract
정보: Start to extract MPS3
2월 18, 2019 6:48:12 오후 com.pluspro.ctrlwcs.CtrlWcs_MPS3 main
정보: Start CtrlWcs_MPS3 ++++++++++++++++++++++++++++++++++++++++++++++++++++++++++++++
2월 18, 2019 6:48:12 오후 com.pluspro.ctrlwcs.CtrlWcs_MPS3 main
정보: Conf File : conf.properties
2월 18, 2019 6:48:12 오후 com.pluspro.ctrlwcs.CtrlWcs_MPS3 main
정보: -----------------------------------------------------------
CTRLWCS Database
-----------------------------------------------------------
ctrlwcs.ip : 10.68.2.76
ctrlwcs.port : 1555
ctrlwcs.sid : PCTRLWCS
-----------------------------------------------------------
WCS Database
-----------------------------------------------------------
mps3.ip : 128.10.1.144
mps3.port : 1531
mps3.sid : MPS3

2월 18, 2019 6:48:13 오후 com.pluspro.ctrlwcs.CtrlWcs_MPS3 main
정보: -----------------------------------------------------------
DB Connection Instances
-----------------------------------------------------------
ctrlWcsCon : oracle.jdbc.driver.T4CConnection@5876a9af
mps3Con : oracle.jdbc.driver.T4CConnection@611889f4

2월 18, 2019 6:48:13 오후 com.pluspro.ctrlwcs.extractor.MPS3Result extract
정보: Start to extract MPS3
2월 18, 2019 6:48:13 오후 com.pluspro.ctrlwcs.extractor.MPS3Result insertTrg
심각: ORA-00923: FROM 키워드가 필요한 위치에 없습니다.

java.sql.SQLSyntaxErrorException: ORA-00923: FROM 키워드가 필요한 위치에 없습니다.

	at oracle.jdbc.driver.T4CTTIoer11.processError(T4CTTIoer11.java:494)
	at oracle.jdbc.driver.T4CTTIoer11.processError(T4CTTIoer11.java:446)
	at oracle.jdbc.driver.T4C8Oall.processError(T4C8Oall.java:1054)
	at oracle.jdbc.driver.T4CTTIfun.receive(T4CTTIfun.java:623)
	at oracle.jdbc.driver.T4CTTIfun.doRPC(T4CTTIfun.java:252)
	at oracle.jdbc.driver.T4C8Oall.doOALL(T4C8Oall.java:612)
	at oracle.jdbc.driver.T4CStatement.doOall8(T4CStatement.java:213)
	at oracle.jdbc.driver.T4CStatement.doOall8(T4CStatement.java:37)
	at oracle.jdbc.driver.T4CStatement.executeForRows(T4CStatement.java:896)
	at oracle.jdbc.driver.OracleStatement.doExecuteWithTimeout(OracleStatement.java:1119)
	at oracle.jdbc.driver.OracleStatement.executeInternal(OracleStatement.java:1737)
	at oracle.jdbc.driver.OracleStatement.execute(OracleStatement.java:1692)
	at oracle.jdbc.driver.OracleStatementWrapper.execute(OracleStatementWrapper.java:300)
	at com.pluspro.ctrlwcs.extractor.MPS3Result.insertTrg(MPS3Result.java:165)
	at com.pluspro.ctrlwcs.extractor.MPS3Result.extract(MPS3Result.java:33)
	at com.pluspro.ctrlwcs.CtrlWcs_MPS3.main(CtrlWcs_MPS3.java:69)
Caused by: Error : 923, Position : 447, Sql = MERGE INTO TB_EQP_RSLT	
USING(					
    SELECT '20190218' BDATE, 'DT'CENTER_CD, 'DM03-01' EQUIP_ID,		
           '동탄' CENTER_NM, '동탄코레일저온센터1호기' EQUIP_NM, '1310_1' ORD,		
           'KF' COM_CD, 95 CUST_CNT,											
           0 PLAN_BOX, 259 BOX,													
           5603 PLAN_PCS, 5562 PCS,													
           335 PLAN_SKU, 325 SKU,													
           0 CUST,																					
           2019-02-18 11:06:54.0 START_TM,																			
           2019-02-18 17:43:09.595 END_TM																				
      FROM DUAL																										
) ORG 																													
ON (TB_EQP_RSLT.BDATE = ORG.BDATE AND TB_EQP_RSLT.CENTER_CD = ORG.CENTER_CD AND 										
    TB_EQP_RSLT.EQUIP_ID = ORG.EQUIP_ID AND TB_EQP_RSLT.ORD = ORG.ORD AND TB_EQP_RSLT.COM_CD = ORG.COM_CD) 			
WHEN MATCHED THEN 																										
  UPDATE SET CUST_CNT = ORG.CUST_CNT,																					
             PLAN_BOX = ORG.PLAN_BOX,																					
             BOX = ORG.BOX,																							
             PLAN_SKU = ORG.PLAN_SKU,																					
             SKU = ORG.SKU,																							
             PLAN_PCS = ORG.PLAN_PCS,																					
             PCS = ORG.PCS,																							
             UPD_DT = SYSDATE																							
WHEN NOT MATCHED THEN 																									
  INSERT(BDATE, CENTER_CD, EQUIP_ID, CENTER_NM, EQUIP_NM, ORD, COM_CD, CUST_CNT, 										
         PLAN_BOX, BOX, PLAN_PCS, PCS, PLAN_SKU, SKU, CUST, START_TM, END_TM, REG_DT, UPD_DT) 							
  VALUES(ORG.BDATE, ORG.CENTER_CD, ORG.EQUIP_ID, ORG.CENTER_NM, ORG.EQUIP_NM, ORG.ORD, ORG.COM_CD, ORG.CUST_CNT, 		
         ORG.PLAN_BOX, ORG.BOX, ORG.PLAN_PCS, ORG.PCS, ORG.PLAN_SKU, ORG.SKU, ORG.CUST, ORG.START_TM, ORG.END_TM, SYSDATE, SYSDATE), OriginalSql = MERGE INTO TB_EQP_RSLT	
USING(					
    SELECT '20190218' BDATE, 'DT'CENTER_CD, 'DM03-01' EQUIP_ID,		
           '동탄' CENTER_NM, '동탄코레일저온센터1호기' EQUIP_NM, '1310_1' ORD,		
           'KF' COM_CD, 95 CUST_CNT,											
           0 PLAN_BOX, 259 BOX,													
           5603 PLAN_PCS, 5562 PCS,													
           335 PLAN_SKU, 325 SKU,													
           0 CUST,																					
           2019-02-18 11:06:54.0 START_TM,																			
           2019-02-18 17:43:09.595 END_TM																				
      FROM DUAL																										
) ORG 																													
ON (TB_EQP_RSLT.BDATE = ORG.BDATE AND TB_EQP_RSLT.CENTER_CD = ORG.CENTER_CD AND 										
    TB_EQP_RSLT.EQUIP_ID = ORG.EQUIP_ID AND TB_EQP_RSLT.ORD = ORG.ORD AND TB_EQP_RSLT.COM_CD = ORG.COM_CD) 			
WHEN MATCHED THEN 																										
  UPDATE SET CUST_CNT = ORG.CUST_CNT,																					
             PLAN_BOX = ORG.PLAN_BOX,																					
             BOX = ORG.BOX,																							
             PLAN_SKU = ORG.PLAN_SKU,																					
             SKU = ORG.SKU,																							
             PLAN_PCS = ORG.PLAN_PCS,																					
             PCS = ORG.PCS,																							
             UPD_DT = SYSDATE																							
WHEN NOT MATCHED THEN 																									
  INSERT(BDATE, CENTER_CD, EQUIP_ID, CENTER_NM, EQUIP_NM, ORD, COM_CD, CUST_CNT, 										
         PLAN_BOX, BOX, PLAN_PCS, PCS, PLAN_SKU, SKU, CUST, START_TM, END_TM, REG_DT, UPD_DT) 							
  VALUES(ORG.BDATE, ORG.CENTER_CD, ORG.EQUIP_ID, ORG.CENTER_NM, ORG.EQUIP_NM, ORG.ORD, ORG.COM_CD, ORG.CUST_CNT, 		
         ORG.PLAN_BOX, ORG.BOX, ORG.PLAN_PCS, ORG.PCS, ORG.PLAN_SKU, ORG.SKU, ORG.CUST, ORG.START_TM, ORG.END_TM, SYSDATE, SYSDATE), Error Msg = ORA-00923: FROM 키워드가 필요한 위치에 없습니다.

	at oracle.jdbc.driver.T4CTTIoer11.processError(T4CTTIoer11.java:498)
	... 15 more

2월 18, 2019 6:48:13 오후 com.pluspro.ctrlwcs.extractor.MPS3Result extract
정보: End to extract MPS3
2월 18, 2019 6:48:13 오후 com.pluspro.ctrlwcs.CtrlWcs_MPS3 main
정보: End CtrlWcs_MPS3 ++++++++++++++++++++++++++++++++++++++++++++++++++++++++++++++
2월 18, 2019 6:49:18 오후 com.pluspro.ctrlwcs.CtrlWcs_MPS3 main
정보: Start CtrlWcs_MPS3 ++++++++++++++++++++++++++++++++++++++++++++++++++++++++++++++
2월 18, 2019 6:49:18 오후 com.pluspro.ctrlwcs.CtrlWcs_MPS3 main
정보: Conf File : conf.properties
2월 18, 2019 6:49:18 오후 com.pluspro.ctrlwcs.CtrlWcs_MPS3 main
정보: -----------------------------------------------------------
CTRLWCS Database
-----------------------------------------------------------
ctrlwcs.ip : 10.68.2.76
ctrlwcs.port : 1555
ctrlwcs.sid : PCTRLWCS
-----------------------------------------------------------
WCS Database
-----------------------------------------------------------
mps3.ip : 128.10.1.144
mps3.port : 1531
mps3.sid : MPS3

2월 18, 2019 6:49:19 오후 com.pluspro.ctrlwcs.CtrlWcs_MPS3 main
정보: -----------------------------------------------------------
DB Connection Instances
-----------------------------------------------------------
ctrlWcsCon : oracle.jdbc.driver.T4CConnection@1fa268de
mps3Con : oracle.jdbc.driver.T4CConnection@47faa49c

2월 18, 2019 6:49:19 오후 com.pluspro.ctrlwcs.extractor.MPS3Result extract
정보: Start to extract MPS3
2월 18, 2019 6:49:19 오후 com.pluspro.ctrlwcs.extractor.MPS3Result insertTrg
정보: Extracted 7 Datas
2월 18, 2019 6:49:19 오후 com.pluspro.ctrlwcs.extractor.MPS3Result extract
정보: End to extract MPS3
2월 18, 2019 6:49:19 오후 com.pluspro.ctrlwcs.CtrlWcs_MPS3 main
정보: End CtrlWcs_MPS3 ++++++++++++++++++++++++++++++++++++++++++++++++++++++++++++++
2월 18, 2019 6:53:17 오후 com.pluspro.ctrlwcs.CtrlWcs_MPS3 main
정보: Start CtrlWcs_MPS3 ++++++++++++++++++++++++++++++++++++++++++++++++++++++++++++++
2월 18, 2019 6:53:17 오후 com.pluspro.ctrlwcs.CtrlWcs_MPS3 main
정보: Conf File : conf.properties
2월 18, 2019 6:53:17 오후 com.pluspro.ctrlwcs.CtrlWcs_MPS3 main
정보: -----------------------------------------------------------
CTRLWCS Database
-----------------------------------------------------------
ctrlwcs.ip : 10.68.2.76
ctrlwcs.port : 1555
ctrlwcs.sid : PCTRLWCS
-----------------------------------------------------------
WCS Database
-----------------------------------------------------------
mps3.ip : 128.10.1.144
mps3.port : 1531
mps3.sid : MPS3

2월 18, 2019 6:53:19 오후 com.pluspro.ctrlwcs.CtrlWcs_MPS3 main
정보: -----------------------------------------------------------
DB Connection Instances
-----------------------------------------------------------
ctrlWcsCon : oracle.jdbc.driver.T4CConnection@3e58a80e
mps3Con : oracle.jdbc.driver.T4CConnection@4229bb3f

2월 18, 2019 6:53:19 오후 com.pluspro.ctrlwcs.extractor.MPS3Result extract
정보: Start to extract MPS3
2월 18, 2019 7:02:23 오후 com.pluspro.ctrlwcs.CtrlWcs_MPS3 main
정보: Start CtrlWcs_MPS3 ++++++++++++++++++++++++++++++++++++++++++++++++++++++++++++++
2월 18, 2019 7:02:23 오후 com.pluspro.ctrlwcs.CtrlWcs_MPS3 main
정보: Conf File : conf.properties
2월 18, 2019 7:02:23 오후 com.pluspro.ctrlwcs.CtrlWcs_MPS3 main
정보: -----------------------------------------------------------
CTRLWCS Database
-----------------------------------------------------------
ctrlwcs.ip : 10.68.2.76
ctrlwcs.port : 1555
ctrlwcs.sid : PCTRLWCS
-----------------------------------------------------------
WCS Database
-----------------------------------------------------------
mps3.ip : 128.10.1.144
mps3.port : 1531
mps3.sid : MPS3

2월 18, 2019 7:02:25 오후 com.pluspro.ctrlwcs.CtrlWcs_MPS3 main
정보: -----------------------------------------------------------
DB Connection Instances
-----------------------------------------------------------
ctrlWcsCon : oracle.jdbc.driver.T4CConnection@5876a9af
mps3Con : oracle.jdbc.driver.T4CConnection@611889f4

2월 18, 2019 7:02:25 오후 com.pluspro.ctrlwcs.extractor.MPS3Result extract
정보: Start to extract MPS3
2월 18, 2019 7:02:50 오후 com.pluspro.ctrlwcs.extractor.MPS3Result insertTrg
정보: Extracted 7 Datas
2월 18, 2019 7:02:50 오후 com.pluspro.ctrlwcs.extractor.MPS3Result extract
정보: End to extract MPS3
2월 18, 2019 7:02:50 오후 com.pluspro.ctrlwcs.CtrlWcs_MPS3 main
정보: End CtrlWcs_MPS3 ++++++++++++++++++++++++++++++++++++++++++++++++++++++++++++++
2월 18, 2019 7:04:06 오후 com.pluspro.ctrlwcs.CtrlWcs_MPS3 main
정보: Start CtrlWcs_MPS3 ++++++++++++++++++++++++++++++++++++++++++++++++++++++++++++++
2월 18, 2019 7:04:06 오후 com.pluspro.ctrlwcs.CtrlWcs_MPS3 main
정보: Conf File : conf.properties
2월 18, 2019 7:04:06 오후 com.pluspro.ctrlwcs.CtrlWcs_MPS3 main
정보: -----------------------------------------------------------
CTRLWCS Database
-----------------------------------------------------------
ctrlwcs.ip : 10.68.2.76
ctrlwcs.port : 1555
ctrlwcs.sid : PCTRLWCS
-----------------------------------------------------------
WCS Database
-----------------------------------------------------------
mps3.ip : 128.10.1.144
mps3.port : 1531
mps3.sid : MPS3

2월 18, 2019 7:04:08 오후 com.pluspro.ctrlwcs.CtrlWcs_MPS3 main
정보: -----------------------------------------------------------
DB Connection Instances
-----------------------------------------------------------
ctrlWcsCon : oracle.jdbc.driver.T4CConnection@3e58a80e
mps3Con : oracle.jdbc.driver.T4CConnection@4229bb3f

2월 18, 2019 7:04:08 오후 com.pluspro.ctrlwcs.extractor.MPS3Result extract
정보: Start to extract MPS3
2월 18, 2019 7:04:08 오후 com.pluspro.ctrlwcs.extractor.MPS3Result insertTrg
정보: Extracted 7 Datas
2월 18, 2019 7:04:08 오후 com.pluspro.ctrlwcs.extractor.MPS3Result extract
정보: End to extract MPS3
2월 18, 2019 7:04:08 오후 com.pluspro.ctrlwcs.CtrlWcs_MPS3 main
정보: End CtrlWcs_MPS3 ++++++++++++++++++++++++++++++++++++++++++++++++++++++++++++++
