Feb 20, 2019 7:55:37 PM com.pluspro.ctrlwcs.CtrlWcs_WMS main
정보: Start CtrlWcs_WMS ++++++++++++++++++++++++++++++++++++++++++++++++++++++++++++++
Feb 20, 2019 7:55:37 PM com.pluspro.ctrlwcs.CtrlWcs_WMS main
정보: Conf File : conf.properties
Feb 20, 2019 7:55:38 PM com.pluspro.ctrlwcs.CtrlWcs_WMS main
심각: Error
java.sql.SQLException: 로케일을 인식할 수 없습니다.
	at oracle.jdbc.driver.T4CTTIoauthenticate.setSessionFields(T4CTTIoauthenticate.java:1493)
	at oracle.jdbc.driver.T4CTTIoauthenticate.<init>(T4CTTIoauthenticate.java:291)
	at oracle.jdbc.driver.T4CConnection.logon(T4CConnection.java:599)
	at oracle.jdbc.driver.PhysicalConnection.connect(PhysicalConnection.java:688)
	at oracle.jdbc.driver.T4CDriverExtension.getConnection(T4CDriverExtension.java:39)
	at oracle.jdbc.driver.OracleDriver.connect(OracleDriver.java:691)
	at java.sql.DriverManager.getConnection(DriverManager.java:664)
	at java.sql.DriverManager.getConnection(DriverManager.java:247)
	at com.pluspro.ctrlwcs.connecter.OracleConnecter.open(OracleConnecter.java:29)
	at com.pluspro.ctrlwcs.connecter.ConnectionHelper.getOracleConnection(ConnectionHelper.java:9)
	at com.pluspro.ctrlwcs.CtrlWcs_WMS.main(CtrlWcs_WMS.java:59)

Feb 20, 2019 7:55:38 PM com.pluspro.ctrlwcs.CtrlWcs_WMS main
정보: End CtrlWcs_WMS ++++++++++++++++++++++++++++++++++++++++++++++++++++++++++++++
2월 20, 2019 7:56:10 오후 com.pluspro.ctrlwcs.CtrlWcs_WMS main
정보: Start CtrlWcs_WMS ++++++++++++++++++++++++++++++++++++++++++++++++++++++++++++++
2월 20, 2019 7:56:10 오후 com.pluspro.ctrlwcs.CtrlWcs_WMS main
정보: Conf File : conf.properties
2월 20, 2019 7:56:11 오후 com.pluspro.ctrlwcs.CtrlWcs_WMS main
심각: Error
java.sql.SQLRecoverableException: IO 오류: Got minus one from a read call, connect lapse 5 ms., Authentication lapse 0 ms.
	at oracle.jdbc.driver.T4CConnection.logon(T4CConnection.java:794)
	at oracle.jdbc.driver.PhysicalConnection.connect(PhysicalConnection.java:688)
	at oracle.jdbc.driver.T4CDriverExtension.getConnection(T4CDriverExtension.java:39)
	at oracle.jdbc.driver.OracleDriver.connect(OracleDriver.java:691)
	at java.sql.DriverManager.getConnection(DriverManager.java:664)
	at java.sql.DriverManager.getConnection(DriverManager.java:247)
	at com.pluspro.ctrlwcs.connecter.OracleConnecter.open(OracleConnecter.java:29)
	at com.pluspro.ctrlwcs.connecter.ConnectionHelper.getOracleConnection(ConnectionHelper.java:9)
	at com.pluspro.ctrlwcs.CtrlWcs_WMS.main(CtrlWcs_WMS.java:66)
Caused by: java.io.IOException: Got minus one from a read call, connect lapse 5 ms., Authentication lapse 0 ms.
	at oracle.jdbc.driver.T4CConnection.logon(T4CConnection.java:790)
	... 8 more
Caused by: java.io.IOException: Got minus one from a read call, connect lapse 5 ms.
	at oracle.net.ns.NSProtocolNIO.negotiateConnection(NSProtocolNIO.java:138)
	at oracle.net.ns.NSProtocol.connect(NSProtocol.java:317)
	at oracle.jdbc.driver.T4CConnection.connect(T4CConnection.java:1438)
	at oracle.jdbc.driver.T4CConnection.logon(T4CConnection.java:518)
	... 8 more
Caused by: oracle.net.ns.NetException: Got minus one from a read call
	at oracle.net.ns.NIOHeader.readHeaderBuffer(NIOHeader.java:100)
	at oracle.net.ns.NIOPacket.readNIOPacket(NIOPacket.java:252)
	at oracle.net.ns.NSProtocolNIO.negotiateConnection(NSProtocolNIO.java:118)
	... 11 more

2월 20, 2019 7:56:11 오후 com.pluspro.ctrlwcs.CtrlWcs_WMS main
정보: End CtrlWcs_WMS ++++++++++++++++++++++++++++++++++++++++++++++++++++++++++++++
2월 20, 2019 7:57:28 오후 com.pluspro.ctrlwcs.CtrlWcs_WMS main
정보: Start CtrlWcs_WMS ++++++++++++++++++++++++++++++++++++++++++++++++++++++++++++++
2월 20, 2019 7:57:28 오후 com.pluspro.ctrlwcs.CtrlWcs_WMS main
정보: Conf File : conf.properties
2월 20, 2019 7:57:29 오후 com.pluspro.ctrlwcs.CtrlWcs_WMS main
심각: Error
com.microsoft.sqlserver.jdbc.SQLServerException: 드라이버가 SSL(Secure Sockets Layer) 암호화를 사용하여 SQL Sever로 보안 연결을 설정할 수 없습니다. 오류: "SQL Server에서 응답을 반환하지 않았습니다. 연결이 닫혔습니다. ClientConnectionId:386c90df-9788-4d3b-83c3-946c96526386".
	at com.microsoft.sqlserver.jdbc.SQLServerConnection.terminate(SQLServerConnection.java:1749)
	at com.microsoft.sqlserver.jdbc.TDSChannel.enableSSL(IOBuffer.java:1704)
	at com.microsoft.sqlserver.jdbc.SQLServerConnection.connectHelper(SQLServerConnection.java:1402)
	at com.microsoft.sqlserver.jdbc.SQLServerConnection.login(SQLServerConnection.java:1069)
	at com.microsoft.sqlserver.jdbc.SQLServerConnection.connectInternal(SQLServerConnection.java:905)
	at com.microsoft.sqlserver.jdbc.SQLServerConnection.connect(SQLServerConnection.java:452)
	at com.microsoft.sqlserver.jdbc.SQLServerDriver.connect(SQLServerDriver.java:1014)
	at java.sql.DriverManager.getConnection(DriverManager.java:664)
	at java.sql.DriverManager.getConnection(DriverManager.java:247)
	at com.pluspro.ctrlwcs.connecter.MsSqlConnecter.open(MsSqlConnecter.java:29)
	at com.pluspro.ctrlwcs.connecter.ConnectionHelper.getMsSqlConnection(ConnectionHelper.java:18)
	at com.pluspro.ctrlwcs.CtrlWcs_WMS.main(CtrlWcs_WMS.java:66)
Caused by: java.io.IOException: SQL Server에서 응답을 반환하지 않았습니다. 연결이 닫혔습니다. ClientConnectionId:386c90df-9788-4d3b-83c3-946c96526386
	at com.microsoft.sqlserver.jdbc.TDSChannel$SSLHandshakeInputStream.ensureSSLPayload(IOBuffer.java:653)
	at com.microsoft.sqlserver.jdbc.TDSChannel$SSLHandshakeInputStream.readInternal(IOBuffer.java:710)
	at com.microsoft.sqlserver.jdbc.TDSChannel$SSLHandshakeInputStream.read(IOBuffer.java:702)
	at com.microsoft.sqlserver.jdbc.TDSChannel$ProxyInputStream.readInternal(IOBuffer.java:897)
	at com.microsoft.sqlserver.jdbc.TDSChannel$ProxyInputStream.read(IOBuffer.java:885)
	at sun.security.ssl.InputRecord.readFully(InputRecord.java:465)
	at sun.security.ssl.InputRecord.read(InputRecord.java:503)
	at sun.security.ssl.SSLSocketImpl.readRecord(SSLSocketImpl.java:983)
	at sun.security.ssl.SSLSocketImpl.performInitialHandshake(SSLSocketImpl.java:1385)
	at sun.security.ssl.SSLSocketImpl.startHandshake(SSLSocketImpl.java:1413)
	at sun.security.ssl.SSLSocketImpl.startHandshake(SSLSocketImpl.java:1397)
	at com.microsoft.sqlserver.jdbc.TDSChannel.enableSSL(IOBuffer.java:1630)
	... 10 more

2월 20, 2019 7:57:29 오후 com.pluspro.ctrlwcs.CtrlWcs_WMS main
정보: End CtrlWcs_WMS ++++++++++++++++++++++++++++++++++++++++++++++++++++++++++++++
2월 20, 2019 8:00:34 오후 com.pluspro.ctrlwcs.CtrlWcs_WMS main
정보: Start CtrlWcs_WMS ++++++++++++++++++++++++++++++++++++++++++++++++++++++++++++++
2월 20, 2019 8:00:34 오후 com.pluspro.ctrlwcs.CtrlWcs_WMS main
정보: Conf File : conf.properties
2월 20, 2019 8:00:35 오후 com.pluspro.ctrlwcs.CtrlWcs_WMS main
심각: Error
com.microsoft.sqlserver.jdbc.SQLServerException: The driver could not establish a secure connection to SQL Server by using Secure Sockets Layer (SSL) encryption. Error: "SQL Server did not return a response. The connection has been closed. ClientConnectionId:514b8b1b-1c09-4c84-80ff-e946e84c1eb8".
	at com.microsoft.sqlserver.jdbc.SQLServerConnection.terminate(SQLServerConnection.java:2866)
	at com.microsoft.sqlserver.jdbc.TDSChannel.enableSSL(IOBuffer.java:1873)
	at com.microsoft.sqlserver.jdbc.SQLServerConnection.connectHelper(SQLServerConnection.java:2431)
	at com.microsoft.sqlserver.jdbc.SQLServerConnection.login(SQLServerConnection.java:2082)
	at com.microsoft.sqlserver.jdbc.SQLServerConnection.connectInternal(SQLServerConnection.java:1929)
	at com.microsoft.sqlserver.jdbc.SQLServerConnection.connect(SQLServerConnection.java:1141)
	at com.microsoft.sqlserver.jdbc.SQLServerDriver.connect(SQLServerDriver.java:735)
	at java.sql.DriverManager.getConnection(DriverManager.java:664)
	at java.sql.DriverManager.getConnection(DriverManager.java:247)
	at com.pluspro.ctrlwcs.connecter.MsSqlConnecter.open(MsSqlConnecter.java:29)
	at com.pluspro.ctrlwcs.connecter.ConnectionHelper.getMsSqlConnection(ConnectionHelper.java:18)
	at com.pluspro.ctrlwcs.CtrlWcs_WMS.main(CtrlWcs_WMS.java:66)
Caused by: java.io.IOException: SQL Server did not return a response. The connection has been closed. ClientConnectionId:514b8b1b-1c09-4c84-80ff-e946e84c1eb8
	at com.microsoft.sqlserver.jdbc.TDSChannel$SSLHandshakeInputStream.ensureSSLPayload(IOBuffer.java:782)
	at com.microsoft.sqlserver.jdbc.TDSChannel$SSLHandshakeInputStream.readInternal(IOBuffer.java:832)
	at com.microsoft.sqlserver.jdbc.TDSChannel$SSLHandshakeInputStream.read(IOBuffer.java:825)
	at com.microsoft.sqlserver.jdbc.TDSChannel$ProxyInputStream.readInternal(IOBuffer.java:995)
	at com.microsoft.sqlserver.jdbc.TDSChannel$ProxyInputStream.read(IOBuffer.java:985)
	at sun.security.ssl.InputRecord.readFully(InputRecord.java:465)
	at sun.security.ssl.InputRecord.read(InputRecord.java:503)
	at sun.security.ssl.SSLSocketImpl.readRecord(SSLSocketImpl.java:983)
	at sun.security.ssl.SSLSocketImpl.performInitialHandshake(SSLSocketImpl.java:1385)
	at sun.security.ssl.SSLSocketImpl.startHandshake(SSLSocketImpl.java:1413)
	at sun.security.ssl.SSLSocketImpl.startHandshake(SSLSocketImpl.java:1397)
	at com.microsoft.sqlserver.jdbc.TDSChannel.enableSSL(IOBuffer.java:1791)
	... 10 more

2월 20, 2019 8:00:35 오후 com.pluspro.ctrlwcs.CtrlWcs_WMS main
정보: End CtrlWcs_WMS ++++++++++++++++++++++++++++++++++++++++++++++++++++++++++++++
2월 20, 2019 8:01:32 오후 com.pluspro.ctrlwcs.CtrlWcs_WMS main
정보: Start CtrlWcs_WMS ++++++++++++++++++++++++++++++++++++++++++++++++++++++++++++++
2월 20, 2019 8:01:32 오후 com.pluspro.ctrlwcs.CtrlWcs_WMS main
정보: Conf File : conf.properties
2월 20, 2019 8:01:33 오후 com.pluspro.ctrlwcs.CtrlWcs_WMS main
심각: Error
com.microsoft.sqlserver.jdbc.SQLServerException: The driver could not establish a secure connection to SQL Server by using Secure Sockets Layer (SSL) encryption. Error: "SQL Server did not return a response. The connection has been closed. ClientConnectionId:f1ce7fdd-7f23-415e-9ba8-1a2cec266702".
	at com.microsoft.sqlserver.jdbc.SQLServerConnection.terminate(SQLServerConnection.java:2866)
	at com.microsoft.sqlserver.jdbc.TDSChannel.enableSSL(IOBuffer.java:1873)
	at com.microsoft.sqlserver.jdbc.SQLServerConnection.connectHelper(SQLServerConnection.java:2431)
	at com.microsoft.sqlserver.jdbc.SQLServerConnection.login(SQLServerConnection.java:2082)
	at com.microsoft.sqlserver.jdbc.SQLServerConnection.connectInternal(SQLServerConnection.java:1929)
	at com.microsoft.sqlserver.jdbc.SQLServerConnection.connect(SQLServerConnection.java:1141)
	at com.microsoft.sqlserver.jdbc.SQLServerDriver.connect(SQLServerDriver.java:735)
	at java.sql.DriverManager.getConnection(DriverManager.java:664)
	at java.sql.DriverManager.getConnection(DriverManager.java:247)
	at com.pluspro.ctrlwcs.connecter.MsSqlConnecter.open(MsSqlConnecter.java:29)
	at com.pluspro.ctrlwcs.connecter.ConnectionHelper.getMsSqlConnection(ConnectionHelper.java:18)
	at com.pluspro.ctrlwcs.CtrlWcs_WMS.main(CtrlWcs_WMS.java:66)
Caused by: java.io.IOException: SQL Server did not return a response. The connection has been closed. ClientConnectionId:f1ce7fdd-7f23-415e-9ba8-1a2cec266702
	at com.microsoft.sqlserver.jdbc.TDSChannel$SSLHandshakeInputStream.ensureSSLPayload(IOBuffer.java:782)
	at com.microsoft.sqlserver.jdbc.TDSChannel$SSLHandshakeInputStream.readInternal(IOBuffer.java:832)
	at com.microsoft.sqlserver.jdbc.TDSChannel$SSLHandshakeInputStream.read(IOBuffer.java:825)
	at com.microsoft.sqlserver.jdbc.TDSChannel$ProxyInputStream.readInternal(IOBuffer.java:995)
	at com.microsoft.sqlserver.jdbc.TDSChannel$ProxyInputStream.read(IOBuffer.java:985)
	at sun.security.ssl.InputRecord.readFully(InputRecord.java:465)
	at sun.security.ssl.InputRecord.read(InputRecord.java:503)
	at sun.security.ssl.SSLSocketImpl.readRecord(SSLSocketImpl.java:983)
	at sun.security.ssl.SSLSocketImpl.performInitialHandshake(SSLSocketImpl.java:1385)
	at sun.security.ssl.SSLSocketImpl.startHandshake(SSLSocketImpl.java:1413)
	at sun.security.ssl.SSLSocketImpl.startHandshake(SSLSocketImpl.java:1397)
	at com.microsoft.sqlserver.jdbc.TDSChannel.enableSSL(IOBuffer.java:1791)
	... 10 more

2월 20, 2019 8:01:33 오후 com.pluspro.ctrlwcs.CtrlWcs_WMS main
정보: End CtrlWcs_WMS ++++++++++++++++++++++++++++++++++++++++++++++++++++++++++++++
2월 20, 2019 8:05:44 오후 com.pluspro.ctrlwcs.CtrlWcs_WMS main
정보: Start CtrlWcs_WMS ++++++++++++++++++++++++++++++++++++++++++++++++++++++++++++++
2월 20, 2019 8:05:44 오후 com.pluspro.ctrlwcs.CtrlWcs_WMS main
정보: Conf File : conf.properties
2월 20, 2019 8:05:46 오후 com.pluspro.ctrlwcs.CtrlWcs_WMS main
심각: Error
com.microsoft.sqlserver.jdbc.SQLServerException: The driver could not establish a secure connection to SQL Server by using Secure Sockets Layer (SSL) encryption. Error: "SQL Server did not return a response. The connection has been closed. ClientConnectionId:0c03f769-8e8a-427d-ba33-c9880992a5cf".
	at com.microsoft.sqlserver.jdbc.SQLServerConnection.terminate(SQLServerConnection.java:2866)
	at com.microsoft.sqlserver.jdbc.TDSChannel.enableSSL(IOBuffer.java:1873)
	at com.microsoft.sqlserver.jdbc.SQLServerConnection.connectHelper(SQLServerConnection.java:2431)
	at com.microsoft.sqlserver.jdbc.SQLServerConnection.login(SQLServerConnection.java:2082)
	at com.microsoft.sqlserver.jdbc.SQLServerConnection.connectInternal(SQLServerConnection.java:1929)
	at com.microsoft.sqlserver.jdbc.SQLServerConnection.connect(SQLServerConnection.java:1141)
	at com.microsoft.sqlserver.jdbc.SQLServerDriver.connect(SQLServerDriver.java:735)
	at java.sql.DriverManager.getConnection(DriverManager.java:664)
	at java.sql.DriverManager.getConnection(DriverManager.java:247)
	at com.pluspro.ctrlwcs.connecter.MsSqlConnecter.open(MsSqlConnecter.java:29)
	at com.pluspro.ctrlwcs.connecter.ConnectionHelper.getMsSqlConnection(ConnectionHelper.java:18)
	at com.pluspro.ctrlwcs.CtrlWcs_WMS.main(CtrlWcs_WMS.java:66)
Caused by: java.io.IOException: SQL Server did not return a response. The connection has been closed. ClientConnectionId:0c03f769-8e8a-427d-ba33-c9880992a5cf
	at com.microsoft.sqlserver.jdbc.TDSChannel$SSLHandshakeInputStream.ensureSSLPayload(IOBuffer.java:782)
	at com.microsoft.sqlserver.jdbc.TDSChannel$SSLHandshakeInputStream.readInternal(IOBuffer.java:832)
	at com.microsoft.sqlserver.jdbc.TDSChannel$SSLHandshakeInputStream.read(IOBuffer.java:825)
	at com.microsoft.sqlserver.jdbc.TDSChannel$ProxyInputStream.readInternal(IOBuffer.java:995)
	at com.microsoft.sqlserver.jdbc.TDSChannel$ProxyInputStream.read(IOBuffer.java:985)
	at sun.security.ssl.InputRecord.readFully(InputRecord.java:465)
	at sun.security.ssl.InputRecord.read(InputRecord.java:503)
	at sun.security.ssl.SSLSocketImpl.readRecord(SSLSocketImpl.java:983)
	at sun.security.ssl.SSLSocketImpl.performInitialHandshake(SSLSocketImpl.java:1385)
	at sun.security.ssl.SSLSocketImpl.startHandshake(SSLSocketImpl.java:1413)
	at sun.security.ssl.SSLSocketImpl.startHandshake(SSLSocketImpl.java:1397)
	at com.microsoft.sqlserver.jdbc.TDSChannel.enableSSL(IOBuffer.java:1791)
	... 10 more

2월 20, 2019 8:05:46 오후 com.pluspro.ctrlwcs.CtrlWcs_WMS main
정보: End CtrlWcs_WMS ++++++++++++++++++++++++++++++++++++++++++++++++++++++++++++++
2월 20, 2019 8:09:01 오후 com.pluspro.ctrlwcs.CtrlWcs_WMS main
정보: Start CtrlWcs_WMS ++++++++++++++++++++++++++++++++++++++++++++++++++++++++++++++
2월 20, 2019 8:09:01 오후 com.pluspro.ctrlwcs.CtrlWcs_WMS main
정보: Conf File : conf.properties
2월 20, 2019 8:09:03 오후 com.pluspro.ctrlwcs.CtrlWcs_WMS main
심각: Error
com.microsoft.sqlserver.jdbc.SQLServerException: The driver could not establish a secure connection to SQL Server by using Secure Sockets Layer (SSL) encryption. Error: "SQL Server did not return a response. The connection has been closed. ClientConnectionId:66e044d6-6eb8-4ab0-9bdb-fc23d0af14f8".
	at com.microsoft.sqlserver.jdbc.SQLServerConnection.terminate(SQLServerConnection.java:2866)
	at com.microsoft.sqlserver.jdbc.TDSChannel.enableSSL(IOBuffer.java:1873)
	at com.microsoft.sqlserver.jdbc.SQLServerConnection.connectHelper(SQLServerConnection.java:2431)
	at com.microsoft.sqlserver.jdbc.SQLServerConnection.login(SQLServerConnection.java:2082)
	at com.microsoft.sqlserver.jdbc.SQLServerConnection.connectInternal(SQLServerConnection.java:1929)
	at com.microsoft.sqlserver.jdbc.SQLServerConnection.connect(SQLServerConnection.java:1141)
	at com.microsoft.sqlserver.jdbc.SQLServerDriver.connect(SQLServerDriver.java:735)
	at java.sql.DriverManager.getConnection(DriverManager.java:664)
	at java.sql.DriverManager.getConnection(DriverManager.java:247)
	at com.pluspro.ctrlwcs.connecter.MsSqlConnecter.open(MsSqlConnecter.java:29)
	at com.pluspro.ctrlwcs.connecter.ConnectionHelper.getMsSqlConnection(ConnectionHelper.java:18)
	at com.pluspro.ctrlwcs.CtrlWcs_WMS.main(CtrlWcs_WMS.java:66)
Caused by: java.io.IOException: SQL Server did not return a response. The connection has been closed. ClientConnectionId:66e044d6-6eb8-4ab0-9bdb-fc23d0af14f8
	at com.microsoft.sqlserver.jdbc.TDSChannel$SSLHandshakeInputStream.ensureSSLPayload(IOBuffer.java:782)
	at com.microsoft.sqlserver.jdbc.TDSChannel$SSLHandshakeInputStream.readInternal(IOBuffer.java:832)
	at com.microsoft.sqlserver.jdbc.TDSChannel$SSLHandshakeInputStream.read(IOBuffer.java:825)
	at com.microsoft.sqlserver.jdbc.TDSChannel$ProxyInputStream.readInternal(IOBuffer.java:995)
	at com.microsoft.sqlserver.jdbc.TDSChannel$ProxyInputStream.read(IOBuffer.java:985)
	at sun.security.ssl.InputRecord.readFully(InputRecord.java:465)
	at sun.security.ssl.InputRecord.read(InputRecord.java:503)
	at sun.security.ssl.SSLSocketImpl.readRecord(SSLSocketImpl.java:983)
	at sun.security.ssl.SSLSocketImpl.performInitialHandshake(SSLSocketImpl.java:1385)
	at sun.security.ssl.SSLSocketImpl.startHandshake(SSLSocketImpl.java:1413)
	at sun.security.ssl.SSLSocketImpl.startHandshake(SSLSocketImpl.java:1397)
	at com.microsoft.sqlserver.jdbc.TDSChannel.enableSSL(IOBuffer.java:1791)
	... 10 more

2월 20, 2019 8:09:03 오후 com.pluspro.ctrlwcs.CtrlWcs_WMS main
정보: End CtrlWcs_WMS ++++++++++++++++++++++++++++++++++++++++++++++++++++++++++++++
2월 20, 2019 8:13:24 오후 com.pluspro.ctrlwcs.CtrlWcs_WMS main
정보: Start CtrlWcs_WMS ++++++++++++++++++++++++++++++++++++++++++++++++++++++++++++++
2월 20, 2019 8:13:24 오후 com.pluspro.ctrlwcs.CtrlWcs_WMS main
정보: Conf File : conf.properties
2월 20, 2019 8:13:25 오후 com.pluspro.ctrlwcs.CtrlWcs_WMS main
심각: Error
com.microsoft.sqlserver.jdbc.SQLServerException: The driver could not establish a secure connection to SQL Server by using Secure Sockets Layer (SSL) encryption. Error: "SQL Server did not return a response. The connection has been closed. ClientConnectionId:88d2625b-e040-4bcc-bc00-d88aa5d06759".
	at com.microsoft.sqlserver.jdbc.SQLServerConnection.terminate(SQLServerConnection.java:2866)
	at com.microsoft.sqlserver.jdbc.TDSChannel.enableSSL(IOBuffer.java:1873)
	at com.microsoft.sqlserver.jdbc.SQLServerConnection.connectHelper(SQLServerConnection.java:2431)
	at com.microsoft.sqlserver.jdbc.SQLServerConnection.login(SQLServerConnection.java:2082)
	at com.microsoft.sqlserver.jdbc.SQLServerConnection.connectInternal(SQLServerConnection.java:1929)
	at com.microsoft.sqlserver.jdbc.SQLServerConnection.connect(SQLServerConnection.java:1141)
	at com.microsoft.sqlserver.jdbc.SQLServerDriver.connect(SQLServerDriver.java:735)
	at java.sql.DriverManager.getConnection(DriverManager.java:664)
	at java.sql.DriverManager.getConnection(DriverManager.java:247)
	at com.pluspro.ctrlwcs.connecter.MsSqlConnecter.open(MsSqlConnecter.java:29)
	at com.pluspro.ctrlwcs.connecter.ConnectionHelper.getMsSqlConnection(ConnectionHelper.java:18)
	at com.pluspro.ctrlwcs.CtrlWcs_WMS.main(CtrlWcs_WMS.java:66)
Caused by: java.io.IOException: SQL Server did not return a response. The connection has been closed. ClientConnectionId:88d2625b-e040-4bcc-bc00-d88aa5d06759
	at com.microsoft.sqlserver.jdbc.TDSChannel$SSLHandshakeInputStream.ensureSSLPayload(IOBuffer.java:782)
	at com.microsoft.sqlserver.jdbc.TDSChannel$SSLHandshakeInputStream.readInternal(IOBuffer.java:832)
	at com.microsoft.sqlserver.jdbc.TDSChannel$SSLHandshakeInputStream.read(IOBuffer.java:825)
	at com.microsoft.sqlserver.jdbc.TDSChannel$ProxyInputStream.readInternal(IOBuffer.java:995)
	at com.microsoft.sqlserver.jdbc.TDSChannel$ProxyInputStream.read(IOBuffer.java:985)
	at sun.security.ssl.InputRecord.readFully(InputRecord.java:465)
	at sun.security.ssl.InputRecord.read(InputRecord.java:503)
	at sun.security.ssl.SSLSocketImpl.readRecord(SSLSocketImpl.java:983)
	at sun.security.ssl.SSLSocketImpl.performInitialHandshake(SSLSocketImpl.java:1385)
	at sun.security.ssl.SSLSocketImpl.startHandshake(SSLSocketImpl.java:1413)
	at sun.security.ssl.SSLSocketImpl.startHandshake(SSLSocketImpl.java:1397)
	at com.microsoft.sqlserver.jdbc.TDSChannel.enableSSL(IOBuffer.java:1791)
	... 10 more

2월 20, 2019 8:13:25 오후 com.pluspro.ctrlwcs.CtrlWcs_WMS main
정보: End CtrlWcs_WMS ++++++++++++++++++++++++++++++++++++++++++++++++++++++++++++++
2월 20, 2019 8:14:40 오후 com.pluspro.ctrlwcs.CtrlWcs_WMS main
정보: Start CtrlWcs_WMS ++++++++++++++++++++++++++++++++++++++++++++++++++++++++++++++
2월 20, 2019 8:14:40 오후 com.pluspro.ctrlwcs.CtrlWcs_WMS main
정보: Conf File : conf.properties
2월 20, 2019 8:14:41 오후 com.pluspro.ctrlwcs.CtrlWcs_WMS main
심각: Error
com.microsoft.sqlserver.jdbc.SQLServerException: The driver could not establish a secure connection to SQL Server by using Secure Sockets Layer (SSL) encryption. Error: "SQL Server did not return a response. The connection has been closed. ClientConnectionId:010dbf6b-77f1-456e-9cb9-a6bd9a83b602".
	at com.microsoft.sqlserver.jdbc.SQLServerConnection.terminate(SQLServerConnection.java:2866)
	at com.microsoft.sqlserver.jdbc.TDSChannel.enableSSL(IOBuffer.java:1873)
	at com.microsoft.sqlserver.jdbc.SQLServerConnection.connectHelper(SQLServerConnection.java:2431)
	at com.microsoft.sqlserver.jdbc.SQLServerConnection.login(SQLServerConnection.java:2082)
	at com.microsoft.sqlserver.jdbc.SQLServerConnection.connectInternal(SQLServerConnection.java:1929)
	at com.microsoft.sqlserver.jdbc.SQLServerConnection.connect(SQLServerConnection.java:1141)
	at com.microsoft.sqlserver.jdbc.SQLServerDriver.connect(SQLServerDriver.java:735)
	at java.sql.DriverManager.getConnection(DriverManager.java:664)
	at java.sql.DriverManager.getConnection(DriverManager.java:247)
	at com.pluspro.ctrlwcs.connecter.MsSqlConnecter.open(MsSqlConnecter.java:29)
	at com.pluspro.ctrlwcs.connecter.ConnectionHelper.getMsSqlConnection(ConnectionHelper.java:18)
	at com.pluspro.ctrlwcs.CtrlWcs_WMS.main(CtrlWcs_WMS.java:66)
Caused by: java.io.IOException: SQL Server did not return a response. The connection has been closed. ClientConnectionId:010dbf6b-77f1-456e-9cb9-a6bd9a83b602
	at com.microsoft.sqlserver.jdbc.TDSChannel$SSLHandshakeInputStream.ensureSSLPayload(IOBuffer.java:782)
	at com.microsoft.sqlserver.jdbc.TDSChannel$SSLHandshakeInputStream.readInternal(IOBuffer.java:832)
	at com.microsoft.sqlserver.jdbc.TDSChannel$SSLHandshakeInputStream.read(IOBuffer.java:825)
	at com.microsoft.sqlserver.jdbc.TDSChannel$ProxyInputStream.readInternal(IOBuffer.java:995)
	at com.microsoft.sqlserver.jdbc.TDSChannel$ProxyInputStream.read(IOBuffer.java:985)
	at sun.security.ssl.InputRecord.readFully(InputRecord.java:465)
	at sun.security.ssl.InputRecord.read(InputRecord.java:503)
	at sun.security.ssl.SSLSocketImpl.readRecord(SSLSocketImpl.java:983)
	at sun.security.ssl.SSLSocketImpl.performInitialHandshake(SSLSocketImpl.java:1385)
	at sun.security.ssl.SSLSocketImpl.startHandshake(SSLSocketImpl.java:1413)
	at sun.security.ssl.SSLSocketImpl.startHandshake(SSLSocketImpl.java:1397)
	at com.microsoft.sqlserver.jdbc.TDSChannel.enableSSL(IOBuffer.java:1791)
	... 10 more

2월 20, 2019 8:14:41 오후 com.pluspro.ctrlwcs.CtrlWcs_WMS main
정보: End CtrlWcs_WMS ++++++++++++++++++++++++++++++++++++++++++++++++++++++++++++++
2월 20, 2019 8:14:59 오후 com.pluspro.ctrlwcs.CtrlWcs_WMS main
정보: Start CtrlWcs_WMS ++++++++++++++++++++++++++++++++++++++++++++++++++++++++++++++
2월 20, 2019 8:14:59 오후 com.pluspro.ctrlwcs.CtrlWcs_WMS main
정보: Conf File : conf.properties
2월 20, 2019 8:15:00 오후 com.pluspro.ctrlwcs.CtrlWcs_WMS main
심각: Error
com.microsoft.sqlserver.jdbc.SQLServerException: The driver could not establish a secure connection to SQL Server by using Secure Sockets Layer (SSL) encryption. Error: "SQL Server did not return a response. The connection has been closed. ClientConnectionId:6275612d-0dd6-4afe-8258-82a82d27dd51".
	at com.microsoft.sqlserver.jdbc.SQLServerConnection.terminate(SQLServerConnection.java:2866)
	at com.microsoft.sqlserver.jdbc.TDSChannel.enableSSL(IOBuffer.java:1873)
	at com.microsoft.sqlserver.jdbc.SQLServerConnection.connectHelper(SQLServerConnection.java:2431)
	at com.microsoft.sqlserver.jdbc.SQLServerConnection.login(SQLServerConnection.java:2082)
	at com.microsoft.sqlserver.jdbc.SQLServerConnection.connectInternal(SQLServerConnection.java:1929)
	at com.microsoft.sqlserver.jdbc.SQLServerConnection.connect(SQLServerConnection.java:1141)
	at com.microsoft.sqlserver.jdbc.SQLServerDriver.connect(SQLServerDriver.java:735)
	at java.sql.DriverManager.getConnection(DriverManager.java:664)
	at java.sql.DriverManager.getConnection(DriverManager.java:247)
	at com.pluspro.ctrlwcs.connecter.MsSqlConnecter.open(MsSqlConnecter.java:29)
	at com.pluspro.ctrlwcs.connecter.ConnectionHelper.getMsSqlConnection(ConnectionHelper.java:18)
	at com.pluspro.ctrlwcs.CtrlWcs_WMS.main(CtrlWcs_WMS.java:66)
Caused by: java.io.IOException: SQL Server did not return a response. The connection has been closed. ClientConnectionId:6275612d-0dd6-4afe-8258-82a82d27dd51
	at com.microsoft.sqlserver.jdbc.TDSChannel$SSLHandshakeInputStream.ensureSSLPayload(IOBuffer.java:782)
	at com.microsoft.sqlserver.jdbc.TDSChannel$SSLHandshakeInputStream.readInternal(IOBuffer.java:832)
	at com.microsoft.sqlserver.jdbc.TDSChannel$SSLHandshakeInputStream.read(IOBuffer.java:825)
	at com.microsoft.sqlserver.jdbc.TDSChannel$ProxyInputStream.readInternal(IOBuffer.java:995)
	at com.microsoft.sqlserver.jdbc.TDSChannel$ProxyInputStream.read(IOBuffer.java:985)
	at sun.security.ssl.InputRecord.readFully(InputRecord.java:465)
	at sun.security.ssl.InputRecord.read(InputRecord.java:503)
	at sun.security.ssl.SSLSocketImpl.readRecord(SSLSocketImpl.java:983)
	at sun.security.ssl.SSLSocketImpl.performInitialHandshake(SSLSocketImpl.java:1385)
	at sun.security.ssl.SSLSocketImpl.startHandshake(SSLSocketImpl.java:1413)
	at sun.security.ssl.SSLSocketImpl.startHandshake(SSLSocketImpl.java:1397)
	at com.microsoft.sqlserver.jdbc.TDSChannel.enableSSL(IOBuffer.java:1791)
	... 10 more

2월 20, 2019 8:15:00 오후 com.pluspro.ctrlwcs.CtrlWcs_WMS main
정보: End CtrlWcs_WMS ++++++++++++++++++++++++++++++++++++++++++++++++++++++++++++++
2월 20, 2019 8:19:04 오후 com.pluspro.ctrlwcs.CtrlWcs_WMS main
정보: Start CtrlWcs_WMS ++++++++++++++++++++++++++++++++++++++++++++++++++++++++++++++
2월 20, 2019 8:19:04 오후 com.pluspro.ctrlwcs.CtrlWcs_WMS main
정보: Conf File : conf.properties
2월 20, 2019 8:19:06 오후 com.pluspro.ctrlwcs.CtrlWcs_WMS main
심각: Error
com.microsoft.sqlserver.jdbc.SQLServerException: The driver could not establish a secure connection to SQL Server by using Secure Sockets Layer (SSL) encryption. Error: "SQL Server did not return a response. The connection has been closed. ClientConnectionId:a897427f-e7c4-4bcb-928f-190c45dd0e22".
	at com.microsoft.sqlserver.jdbc.SQLServerConnection.terminate(SQLServerConnection.java:2866)
	at com.microsoft.sqlserver.jdbc.TDSChannel.enableSSL(IOBuffer.java:1873)
	at com.microsoft.sqlserver.jdbc.SQLServerConnection.connectHelper(SQLServerConnection.java:2431)
	at com.microsoft.sqlserver.jdbc.SQLServerConnection.login(SQLServerConnection.java:2082)
	at com.microsoft.sqlserver.jdbc.SQLServerConnection.connectInternal(SQLServerConnection.java:1929)
	at com.microsoft.sqlserver.jdbc.SQLServerConnection.connect(SQLServerConnection.java:1141)
	at com.microsoft.sqlserver.jdbc.SQLServerDriver.connect(SQLServerDriver.java:735)
	at java.sql.DriverManager.getConnection(DriverManager.java:664)
	at java.sql.DriverManager.getConnection(DriverManager.java:247)
	at com.pluspro.ctrlwcs.connecter.MsSqlConnecter.open(MsSqlConnecter.java:29)
	at com.pluspro.ctrlwcs.connecter.ConnectionHelper.getMsSqlConnection(ConnectionHelper.java:18)
	at com.pluspro.ctrlwcs.CtrlWcs_WMS.main(CtrlWcs_WMS.java:66)
Caused by: java.io.IOException: SQL Server did not return a response. The connection has been closed. ClientConnectionId:a897427f-e7c4-4bcb-928f-190c45dd0e22
	at com.microsoft.sqlserver.jdbc.TDSChannel$SSLHandshakeInputStream.ensureSSLPayload(IOBuffer.java:782)
	at com.microsoft.sqlserver.jdbc.TDSChannel$SSLHandshakeInputStream.readInternal(IOBuffer.java:832)
	at com.microsoft.sqlserver.jdbc.TDSChannel$SSLHandshakeInputStream.read(IOBuffer.java:825)
	at com.microsoft.sqlserver.jdbc.TDSChannel$ProxyInputStream.readInternal(IOBuffer.java:995)
	at com.microsoft.sqlserver.jdbc.TDSChannel$ProxyInputStream.read(IOBuffer.java:985)
	at sun.security.ssl.InputRecord.readFully(InputRecord.java:465)
	at sun.security.ssl.InputRecord.read(InputRecord.java:503)
	at sun.security.ssl.SSLSocketImpl.readRecord(SSLSocketImpl.java:983)
	at sun.security.ssl.SSLSocketImpl.performInitialHandshake(SSLSocketImpl.java:1385)
	at sun.security.ssl.SSLSocketImpl.startHandshake(SSLSocketImpl.java:1413)
	at sun.security.ssl.SSLSocketImpl.startHandshake(SSLSocketImpl.java:1397)
	at com.microsoft.sqlserver.jdbc.TDSChannel.enableSSL(IOBuffer.java:1791)
	... 10 more

2월 20, 2019 8:19:06 오후 com.pluspro.ctrlwcs.CtrlWcs_WMS main
정보: End CtrlWcs_WMS ++++++++++++++++++++++++++++++++++++++++++++++++++++++++++++++
