1월 31, 2019 9:01:44 오전 com.pluspro.ctrlwcs.CtrlWcs_MPS3 main
정보: Start CtrlWcs_MPS3 ++++++++++++++++++++++++++++++++++++++++++++++++++++++++++++++
1월 31, 2019 9:01:44 오전 com.pluspro.ctrlwcs.CtrlWcs_MPS3 main
정보: Conf File : conf.properties
1월 31, 2019 9:01:44 오전 com.pluspro.ctrlwcs.CtrlWcs_MPS3 main
정보: -----------------------------------------------------------
CTRLWCS Database
-----------------------------------------------------------
ctrlwcs.ip : 127.0.0.1
ctrlwcs.port : 1521
ctrlwcs.sid : orcl
-----------------------------------------------------------
WCS Database
-----------------------------------------------------------
mps3.ip : 127.0.0.1
mps3.port : 1521
mps3.sid : orcl

1월 31, 2019 9:01:46 오전 com.pluspro.ctrlwcs.CtrlWcs_MPS3 main
정보: -----------------------------------------------------------
DB Connection Instances
-----------------------------------------------------------
ctrlWcsCon : oracle.jdbc.driver.T4CConnection@2b80d80f
mps3Con : oracle.jdbc.driver.T4CConnection@6483f5ae

1월 31, 2019 9:01:46 오전 com.pluspro.ctrlwcs.extractor.MPS3Result extract
정보: Start to extract MPS3
1월 31, 2019 9:01:47 오전 com.pluspro.ctrlwcs.extractor.MPS3Result insertTrg
정보: Extracted 0 Datas
1월 31, 2019 9:01:47 오전 com.pluspro.ctrlwcs.extractor.MPS3Result extract
정보: End to extract MPS3
1월 31, 2019 9:01:47 오전 com.pluspro.ctrlwcs.CtrlWcs_MPS3 main
정보: End CtrlWcs_MPS3 ++++++++++++++++++++++++++++++++++++++++++++++++++++++++++++++
