1월 25, 2019 11:42:56 오전 com.pluspro.ctrlwcs.CtrlWcs_EEDSorter main
정보: Start CtrlWcs_EEDSorter ++++++++++++++++++++++++++++++++++++++++++++++++++++++++++++++
1월 25, 2019 11:42:56 오전 com.pluspro.ctrlwcs.CtrlWcs_EEDSorter main
정보: Conf File : conf.properties
1월 25, 2019 11:42:56 오전 com.pluspro.ctrlwcs.CtrlWcs_EEDSorter main
정보: -----------------------------------------------------------
CTRLWCS Database
-----------------------------------------------------------
ctrlwcs.ip : 127.0.0.1
ctrlwcs.port : 1521
ctrlwcs.sid : orcl
-----------------------------------------------------------
WCS Database
-----------------------------------------------------------
eed_sorter.ip : 10.211.215.32
eed_sorter.port : 1521
eed_sorter.sid : orcl

1월 25, 2019 11:43:42 오전 com.pluspro.ctrlwcs.CtrlWcs_EEDSorter main
심각: Error
java.sql.SQLRecoverableException: IO 오류: The Network Adapter could not establish the connection
	at oracle.jdbc.driver.T4CConnection.logon(T4CConnection.java:774)
	at oracle.jdbc.driver.PhysicalConnection.connect(PhysicalConnection.java:688)
	at oracle.jdbc.driver.T4CDriverExtension.getConnection(T4CDriverExtension.java:39)
	at oracle.jdbc.driver.OracleDriver.connect(OracleDriver.java:691)
	at java.sql.DriverManager.getConnection(Unknown Source)
	at java.sql.DriverManager.getConnection(Unknown Source)
	at com.pluspro.ctrlwcs.connecter.OracleConnecter.open(OracleConnecter.java:29)
	at com.pluspro.ctrlwcs.connecter.ConnectionHelper.getOracleConnection(ConnectionHelper.java:9)
	at com.pluspro.ctrlwcs.CtrlWcs_EEDSorter.main(CtrlWcs_EEDSorter.java:56)
Caused by: oracle.net.ns.NetException: The Network Adapter could not establish the connection
	at oracle.net.nt.ConnStrategy.execute(ConnStrategy.java:523)
	at oracle.net.resolver.AddrResolution.resolveAndExecute(AddrResolution.java:521)
	at oracle.net.ns.NSProtocol.establishConnection(NSProtocol.java:660)
	at oracle.net.ns.NSProtocol.connect(NSProtocol.java:286)
	at oracle.jdbc.driver.T4CConnection.connect(T4CConnection.java:1438)
	at oracle.jdbc.driver.T4CConnection.logon(T4CConnection.java:518)
	... 8 more
Caused by: java.io.IOException: Connection timed out: connect, socket connect lapse 21001 ms. /10.211.215.32 1521 0 1 true
	at oracle.net.nt.TcpNTAdapter.connect(TcpNTAdapter.java:209)
	at oracle.net.nt.ConnOption.connect(ConnOption.java:161)
	at oracle.net.nt.ConnStrategy.execute(ConnStrategy.java:470)
	... 13 more
Caused by: java.net.ConnectException: Connection timed out: connect
	at sun.nio.ch.Net.connect0(Native Method)
	at sun.nio.ch.Net.connect(Unknown Source)
	at sun.nio.ch.Net.connect(Unknown Source)
	at sun.nio.ch.SocketChannelImpl.connect(Unknown Source)
	at java.nio.channels.SocketChannel.open(Unknown Source)
	at oracle.net.nt.TimeoutSocketChannel.<init>(TimeoutSocketChannel.java:81)
	at oracle.net.nt.TcpNTAdapter.connect(TcpNTAdapter.java:169)
	... 15 more

1월 25, 2019 11:43:42 오전 com.pluspro.ctrlwcs.CtrlWcs_EEDSorter main
정보: End CtrlWcs_EEDSorter ++++++++++++++++++++++++++++++++++++++++++++++++++++++++++++++
