12월 28, 2018 5:38:01 오후 com.pluspro.ctrlwcs.CtrlWcs_MPS3 main
정보: Start com.pluspro.ctrlwcs.CtrlWcs_MPS3 ++++++++++++++++++++++++++++++++++++++++++++++++++++++++++++++
12월 28, 2018 5:38:01 오후 com.pluspro.ctrlwcs.CtrlWcs_MPS3 main
정보: Conf File : conf.properties
12월 28, 2018 5:38:01 오후 com.pluspro.ctrlwcs.CtrlWcs_MPS3 main
정보: -----------------------------------------------------------
CTRLWCS Database
-----------------------------------------------------------
ctrlwcs.ip : 127.0.0.1
ctrlwcs.port : 1521
ctrlwcs.sid : orcl
-----------------------------------------------------------
WCS Database
-----------------------------------------------------------
mps3.ip : 127.0.0.1
mps3.port : 1521
mps3.sid : orcl

12월 28, 2018 5:38:04 오후 com.pluspro.ctrlwcs.CtrlWcs_MPS3 main
심각: Error
java.sql.SQLException: ORA-01017: 사용자명/비밀번호가 부적합, 로그온할 수 없습니다.

	at oracle.jdbc.driver.T4CTTIoer11.processError(T4CTTIoer11.java:494)
	at oracle.jdbc.driver.T4CTTIoer11.processError(T4CTTIoer11.java:441)
	at oracle.jdbc.driver.T4CTTIoer11.processError(T4CTTIoer11.java:436)
	at oracle.jdbc.driver.T4CTTIfun.processError(T4CTTIfun.java:1061)
	at oracle.jdbc.driver.T4CTTIoauthenticate.processError(T4CTTIoauthenticate.java:550)
	at oracle.jdbc.driver.T4CTTIfun.receive(T4CTTIfun.java:623)
	at oracle.jdbc.driver.T4CTTIfun.doRPC(T4CTTIfun.java:252)
	at oracle.jdbc.driver.T4CTTIoauthenticate.doOAUTH(T4CTTIoauthenticate.java:499)
	at oracle.jdbc.driver.T4CTTIoauthenticate.doOAUTH(T4CTTIoauthenticate.java:1279)
	at oracle.jdbc.driver.T4CConnection.logon(T4CConnection.java:663)
	at oracle.jdbc.driver.PhysicalConnection.connect(PhysicalConnection.java:688)
	at oracle.jdbc.driver.T4CDriverExtension.getConnection(T4CDriverExtension.java:39)
	at oracle.jdbc.driver.OracleDriver.connect(OracleDriver.java:691)
	at java.sql.DriverManager.getConnection(Unknown Source)
	at java.sql.DriverManager.getConnection(Unknown Source)
	at com.pluspro.ctrlwcs.connecter.OracleConnecter.open(OracleConnecter.java:29)
	at com.pluspro.ctrlwcs.connecter.ConnectionHelper.getOracleConnection(ConnectionHelper.java:9)
	at com.pluspro.ctrlwcs.CtrlWcs_MPS3.main(CtrlWcs_MPS3.java:56)

12월 28, 2018 5:38:04 오후 com.pluspro.ctrlwcs.CtrlWcs_MPS3 main
정보: End com.pluspro.ctrlwcs.CtrlWcs_MPS3 ++++++++++++++++++++++++++++++++++++++++++++++++++++++++++++++
12월 28, 2018 5:39:09 오후 com.pluspro.ctrlwcs.CtrlWcs_MPS3 main
정보: Start com.pluspro.ctrlwcs.CtrlWcs_MPS3 ++++++++++++++++++++++++++++++++++++++++++++++++++++++++++++++
12월 28, 2018 5:39:09 오후 com.pluspro.ctrlwcs.CtrlWcs_MPS3 main
정보: Conf File : conf.properties
12월 28, 2018 5:39:09 오후 com.pluspro.ctrlwcs.CtrlWcs_MPS3 main
정보: -----------------------------------------------------------
CTRLWCS Database
-----------------------------------------------------------
ctrlwcs.ip : 127.0.0.1
ctrlwcs.port : 1521
ctrlwcs.sid : orcl
-----------------------------------------------------------
WCS Database
-----------------------------------------------------------
mps3.ip : 127.0.0.1
mps3.port : 1521
mps3.sid : orcl

12월 28, 2018 5:39:12 오후 com.pluspro.ctrlwcs.CtrlWcs_MPS3 main
정보: -----------------------------------------------------------
DB Connection Instances
-----------------------------------------------------------
ctrlWcsCon : oracle.jdbc.driver.T4CConnection@2b80d80f
mps3Con : oracle.jdbc.driver.T4CConnection@6483f5ae

12월 28, 2018 5:39:12 오후 com.pluspro.ctrlwcs.CtrlWcs_MPS3 main
정보: End com.pluspro.ctrlwcs.CtrlWcs_MPS3 ++++++++++++++++++++++++++++++++++++++++++++++++++++++++++++++
12월 28, 2018 5:58:31 오후 com.pluspro.ctrlwcs.CtrlWcs_MPS3 main
정보: Start com.pluspro.ctrlwcs.CtrlWcs_MPS3 ++++++++++++++++++++++++++++++++++++++++++++++++++++++++++++++
12월 28, 2018 5:58:31 오후 com.pluspro.ctrlwcs.CtrlWcs_MPS3 main
정보: Conf File : conf.properties
12월 28, 2018 5:58:31 오후 com.pluspro.ctrlwcs.CtrlWcs_MPS3 main
정보: -----------------------------------------------------------
CTRLWCS Database
-----------------------------------------------------------
ctrlwcs.ip : 127.0.0.1
ctrlwcs.port : 1521
ctrlwcs.sid : orcl
-----------------------------------------------------------
WCS Database
-----------------------------------------------------------
mps3.ip : 127.0.0.1
mps3.port : 1521
mps3.sid : orcl

12월 28, 2018 5:58:33 오후 com.pluspro.ctrlwcs.CtrlWcs_MPS3 main
정보: -----------------------------------------------------------
DB Connection Instances
-----------------------------------------------------------
ctrlWcsCon : oracle.jdbc.driver.T4CConnection@2b80d80f
mps3Con : oracle.jdbc.driver.T4CConnection@6483f5ae

12월 28, 2018 5:58:33 오후 com.pluspro.ctrlwcs.CtrlWcs_MPS3 main
정보: End com.pluspro.ctrlwcs.CtrlWcs_MPS3 ++++++++++++++++++++++++++++++++++++++++++++++++++++++++++++++
12월 28, 2018 6:00:28 오후 com.pluspro.ctrlwcs.CtrlWcs_MPS3 main
정보: Start com.pluspro.ctrlwcs.CtrlWcs_MPS3 ++++++++++++++++++++++++++++++++++++++++++++++++++++++++++++++
12월 28, 2018 6:00:28 오후 com.pluspro.ctrlwcs.CtrlWcs_MPS3 main
정보: Conf File : conf.properties
12월 28, 2018 6:00:28 오후 com.pluspro.ctrlwcs.CtrlWcs_MPS3 main
정보: -----------------------------------------------------------
CTRLWCS Database
-----------------------------------------------------------
ctrlwcs.ip : 127.0.0.1
ctrlwcs.port : 1521
ctrlwcs.sid : orcl
-----------------------------------------------------------
WCS Database
-----------------------------------------------------------
mps3.ip : 127.0.0.1
mps3.port : 1521
mps3.sid : orcl

12월 28, 2018 6:00:30 오후 com.pluspro.ctrlwcs.CtrlWcs_MPS3 main
정보: -----------------------------------------------------------
DB Connection Instances
-----------------------------------------------------------
ctrlWcsCon : oracle.jdbc.driver.T4CConnection@2b80d80f
mps3Con : oracle.jdbc.driver.T4CConnection@6483f5ae

12월 28, 2018 6:00:30 오후 com.pluspro.ctrlwcs.extractor.MPS3Result extract
정보: Start to extract MPS3
12월 28, 2018 6:00:30 오후 com.pluspro.ctrlwcs.extractor.MPS3Result extractOrg
심각: ORA-00936: 누락된 표현식

java.sql.SQLSyntaxErrorException: ORA-00936: 누락된 표현식

	at oracle.jdbc.driver.T4CTTIoer11.processError(T4CTTIoer11.java:494)
	at oracle.jdbc.driver.T4CTTIoer11.processError(T4CTTIoer11.java:446)
	at oracle.jdbc.driver.T4C8Oall.processError(T4C8Oall.java:1054)
	at oracle.jdbc.driver.T4CTTIfun.receive(T4CTTIfun.java:623)
	at oracle.jdbc.driver.T4CTTIfun.doRPC(T4CTTIfun.java:252)
	at oracle.jdbc.driver.T4C8Oall.doOALL(T4C8Oall.java:612)
	at oracle.jdbc.driver.T4CStatement.doOall8(T4CStatement.java:213)
	at oracle.jdbc.driver.T4CStatement.doOall8(T4CStatement.java:37)
	at oracle.jdbc.driver.T4CStatement.executeForDescribe(T4CStatement.java:733)
	at oracle.jdbc.driver.OracleStatement.executeMaybeDescribe(OracleStatement.java:904)
	at oracle.jdbc.driver.OracleStatement.doExecuteWithTimeout(OracleStatement.java:1082)
	at oracle.jdbc.driver.OracleStatement.executeQuery(OracleStatement.java:1276)
	at oracle.jdbc.driver.OracleStatementWrapper.executeQuery(OracleStatementWrapper.java:366)
	at com.pluspro.ctrlwcs.extractor.MPS3Result.extractOrg(MPS3Result.java:59)
	at com.pluspro.ctrlwcs.extractor.MPS3Result.extract(MPS3Result.java:32)
	at com.pluspro.ctrlwcs.CtrlWcs_MPS3.main(CtrlWcs_MPS3.java:68)
Caused by: Error : 936, Position : 7, Sql = SELECT SELECT JOB_DATE BDATE,		
       'DT' CENTER_CD,			
       EQUIP_ID EQUIP_ID,			
       '동탄' CENTER_NM,			
       DC_NM + EQUIP_NM EQUIP_NM,	
       DC_CD + JOB_BATCH_SEQ ORD,	
       CUST_CNT,					
       PLAN_BOX, ACTUAL_BOX BOX,	
       PLAN_PCS, ACTUAL_PCS PCS,	
       PLAN_SKU, ACTUAL_SKU SKU	
  FROM TB_WORK_STATUS_BY_SITE	
 WHERE JOB_DATE = '20181228', OriginalSql = SELECT SELECT JOB_DATE BDATE,		
       'DT' CENTER_CD,			
       EQUIP_ID EQUIP_ID,			
       '동탄' CENTER_NM,			
       DC_NM + EQUIP_NM EQUIP_NM,	
       DC_CD + JOB_BATCH_SEQ ORD,	
       CUST_CNT,					
       PLAN_BOX, ACTUAL_BOX BOX,	
       PLAN_PCS, ACTUAL_PCS PCS,	
       PLAN_SKU, ACTUAL_SKU SKU	
  FROM TB_WORK_STATUS_BY_SITE	
 WHERE JOB_DATE = '20181228', Error Msg = ORA-00936: 누락된 표현식

	at oracle.jdbc.driver.T4CTTIoer11.processError(T4CTTIoer11.java:498)
	... 15 more

12월 28, 2018 6:00:30 오후 com.pluspro.ctrlwcs.extractor.MPS3Result insertTrg
정보: Extracted 0 Datas
12월 28, 2018 6:00:30 오후 com.pluspro.ctrlwcs.extractor.MPS3Result extract
정보: End to extract MPS3
12월 28, 2018 6:00:30 오후 com.pluspro.ctrlwcs.CtrlWcs_MPS3 main
정보: End com.pluspro.ctrlwcs.CtrlWcs_MPS3 ++++++++++++++++++++++++++++++++++++++++++++++++++++++++++++++
12월 28, 2018 6:01:45 오후 com.pluspro.ctrlwcs.CtrlWcs_MPS3 main
정보: Start com.pluspro.ctrlwcs.CtrlWcs_MPS3 ++++++++++++++++++++++++++++++++++++++++++++++++++++++++++++++
12월 28, 2018 6:01:45 오후 com.pluspro.ctrlwcs.CtrlWcs_MPS3 main
정보: Conf File : conf.properties
12월 28, 2018 6:01:45 오후 com.pluspro.ctrlwcs.CtrlWcs_MPS3 main
정보: -----------------------------------------------------------
CTRLWCS Database
-----------------------------------------------------------
ctrlwcs.ip : 127.0.0.1
ctrlwcs.port : 1521
ctrlwcs.sid : orcl
-----------------------------------------------------------
WCS Database
-----------------------------------------------------------
mps3.ip : 127.0.0.1
mps3.port : 1521
mps3.sid : orcl

12월 28, 2018 6:01:48 오후 com.pluspro.ctrlwcs.CtrlWcs_MPS3 main
정보: -----------------------------------------------------------
DB Connection Instances
-----------------------------------------------------------
ctrlWcsCon : oracle.jdbc.driver.T4CConnection@2b80d80f
mps3Con : oracle.jdbc.driver.T4CConnection@6483f5ae

12월 28, 2018 6:01:48 오후 com.pluspro.ctrlwcs.extractor.MPS3Result extract
정보: Start to extract MPS3
12월 28, 2018 6:01:48 오후 com.pluspro.ctrlwcs.extractor.MPS3Result insertTrg
정보: Extracted 0 Datas
12월 28, 2018 6:01:48 오후 com.pluspro.ctrlwcs.extractor.MPS3Result extract
정보: End to extract MPS3
12월 28, 2018 6:01:48 오후 com.pluspro.ctrlwcs.CtrlWcs_MPS3 main
정보: End com.pluspro.ctrlwcs.CtrlWcs_MPS3 ++++++++++++++++++++++++++++++++++++++++++++++++++++++++++++++
