2월 20, 2019 3:06:47 오후 com.pluspro.ctrlwcs.CtrlWcs_MPS3 main
정보: Start CtrlWcs_MPS3 ++++++++++++++++++++++++++++++++++++++++++++++++++++++++++++++
2월 20, 2019 3:06:47 오후 com.pluspro.ctrlwcs.CtrlWcs_MPS3 main
정보: Conf File : conf.properties
2월 20, 2019 3:06:47 오후 com.pluspro.ctrlwcs.CtrlWcs_MPS3 main
정보: -----------------------------------------------------------
CTRLWCS Database
-----------------------------------------------------------
ctrlwcs.ip : 10.68.2.76
ctrlwcs.port : 1555
ctrlwcs.sid : PCTRLWCS
-----------------------------------------------------------
WCS Database
-----------------------------------------------------------
mps3.ip : 128.10.1.144
mps3.port : 1531
mps3.sid : MPS3

2월 20, 2019 3:06:49 오후 com.pluspro.ctrlwcs.CtrlWcs_MPS3 main
정보: -----------------------------------------------------------
DB Connection Instances
-----------------------------------------------------------
ctrlWcsCon : oracle.jdbc.driver.T4CConnection@3e58a80e
mps3Con : oracle.jdbc.driver.T4CConnection@4229bb3f

2월 20, 2019 3:06:49 오후 com.pluspro.ctrlwcs.extractor.MPS3Result extract
정보: Start to extract MPS3
2월 20, 2019 3:08:32 오후 com.pluspro.ctrlwcs.extractor.MPS3Result insertTrg
정보: Extracted 24 Datas
2월 20, 2019 3:08:32 오후 com.pluspro.ctrlwcs.extractor.MPS3Result extract
정보: End to extract MPS3
2월 20, 2019 3:08:32 오후 com.pluspro.ctrlwcs.CtrlWcs_MPS3 main
정보: End CtrlWcs_MPS3 ++++++++++++++++++++++++++++++++++++++++++++++++++++++++++++++
